The system is: Linux - 6.1.0-kali5-amd64 - x86_64
Compiling the C compiler identification source file "CMakeCCompilerId.c" succeeded.
Compiler: /usr/bin/cc 
Build flags: 
Id flags:  

The output was:
0


Compilation of the C compiler identification source "CMakeCCompilerId.c" produced "a.out"

The C compiler identification is GNU, found in "/home/cyberEvangelist/Documents/kivy-test/kivy-deps-build/kivy-dependencies/build/SDL2_image-2.6.3/build/CMakeFiles/3.25.1/CompilerIdC/a.out"

Detecting C compiler ABI info compiled with the following output:
Change Dir: /home/cyberEvangelist/Documents/kivy-test/kivy-deps-build/kivy-dependencies/build/SDL2_image-2.6.3/build/CMakeFiles/CMakeScratch/TryCompile-n7NNL7

Run Build Command(s):/usr/bin/ninja cmTC_d1aa4 && [1/2] Building C object CMakeFiles/cmTC_d1aa4.dir/CMakeCCompilerABI.c.o
Using built-in specs.
COLLECT_GCC=/usr/bin/cc
OFFLOAD_TARGET_NAMES=nvptx-none:amdgcn-amdhsa
OFFLOAD_TARGET_DEFAULT=1
Target: x86_64-linux-gnu
Configured with: ../src/configure -v --with-pkgversion='Debian 12.2.0-14' --with-bugurl=file:///usr/share/doc/gcc-12/README.Bugs --enable-languages=c,ada,c++,go,d,fortran,objc,obj-c++,m2 --prefix=/usr --with-gcc-major-version-only --program-suffix=-12 --program-prefix=x86_64-linux-gnu- --enable-shared --enable-linker-build-id --libexecdir=/usr/lib --without-included-gettext --enable-threads=posix --libdir=/usr/lib --enable-nls --enable-clocale=gnu --enable-libstdcxx-debug --enable-libstdcxx-time=yes --with-default-libstdcxx-abi=new --enable-gnu-unique-object --disable-vtable-verify --enable-plugin --enable-default-pie --with-system-zlib --enable-libphobos-checking=release --with-target-system-zlib=auto --enable-objc-gc=auto --enable-multiarch --disable-werror --enable-cet --with-arch-32=i686 --with-abi=m64 --with-multilib-list=m32,m64,mx32 --enable-multilib --with-tune=generic --enable-offload-targets=nvptx-none=/build/gcc-12-bTRWOB/gcc-12-12.2.0/debian/tmp-nvptx/usr,amdgcn-amdhsa=/build/gcc-12-bTRWOB/gcc-12-12.2.0/debian/tmp-gcn/usr --enable-offload-defaulted --without-cuda-driver --enable-checking=release --build=x86_64-linux-gnu --host=x86_64-linux-gnu --target=x86_64-linux-gnu
Thread model: posix
Supported LTO compression algorithms: zlib zstd
gcc version 12.2.0 (Debian 12.2.0-14) 
COLLECT_GCC_OPTIONS='-v' '-o' 'CMakeFiles/cmTC_d1aa4.dir/CMakeCCompilerABI.c.o' '-c' '-mtune=generic' '-march=x86-64' '-dumpdir' 'CMakeFiles/cmTC_d1aa4.dir/'
 /usr/lib/gcc/x86_64-linux-gnu/12/cc1 -quiet -v -imultiarch x86_64-linux-gnu /usr/share/cmake-3.25/Modules/CMakeCCompilerABI.c -quiet -dumpdir CMakeFiles/cmTC_d1aa4.dir/ -dumpbase CMakeCCompilerABI.c.c -dumpbase-ext .c -mtune=generic -march=x86-64 -version -fasynchronous-unwind-tables -o /tmp/cccKuNz3.s
GNU C17 (Debian 12.2.0-14) version 12.2.0 (x86_64-linux-gnu)
	compiled by GNU C version 12.2.0, GMP version 6.2.1, MPFR version 4.1.1-p1, MPC version 1.3.1, isl version isl-0.25-GMP

warning: MPFR header version 4.1.1-p1 differs from library version 4.2.0.
GGC heuristics: --param ggc-min-expand=100 --param ggc-min-heapsize=131072
ignoring nonexistent directory "/usr/local/include/x86_64-linux-gnu"
ignoring nonexistent directory "/usr/lib/gcc/x86_64-linux-gnu/12/include-fixed"
ignoring nonexistent directory "/usr/lib/gcc/x86_64-linux-gnu/12/../../../../x86_64-linux-gnu/include"
#include "..." search starts here:
#include <...> search starts here:
 /usr/lib/gcc/x86_64-linux-gnu/12/include
 /usr/local/include
 /usr/include/x86_64-linux-gnu
 /usr/include
End of search list.
GNU C17 (Debian 12.2.0-14) version 12.2.0 (x86_64-linux-gnu)
	compiled by GNU C version 12.2.0, GMP version 6.2.1, MPFR version 4.1.1-p1, MPC version 1.3.1, isl version isl-0.25-GMP

warning: MPFR header version 4.1.1-p1 differs from library version 4.2.0.
GGC heuristics: --param ggc-min-expand=100 --param ggc-min-heapsize=131072
Compiler executable checksum: cc72d2b9b5048fedc2be9051c917b40b
COLLECT_GCC_OPTIONS='-v' '-o' 'CMakeFiles/cmTC_d1aa4.dir/CMakeCCompilerABI.c.o' '-c' '-mtune=generic' '-march=x86-64' '-dumpdir' 'CMakeFiles/cmTC_d1aa4.dir/'
 as -v --64 -o CMakeFiles/cmTC_d1aa4.dir/CMakeCCompilerABI.c.o /tmp/cccKuNz3.s
GNU assembler version 2.40 (x86_64-linux-gnu) using BFD version (GNU Binutils for Debian) 2.40
COMPILER_PATH=/usr/lib/gcc/x86_64-linux-gnu/12/:/usr/lib/gcc/x86_64-linux-gnu/12/:/usr/lib/gcc/x86_64-linux-gnu/:/usr/lib/gcc/x86_64-linux-gnu/12/:/usr/lib/gcc/x86_64-linux-gnu/
LIBRARY_PATH=/usr/lib/gcc/x86_64-linux-gnu/12/:/usr/lib/gcc/x86_64-linux-gnu/12/../../../x86_64-linux-gnu/:/usr/lib/gcc/x86_64-linux-gnu/12/../../../../lib/:/lib/x86_64-linux-gnu/:/lib/../lib/:/usr/lib/x86_64-linux-gnu/:/usr/lib/../lib/:/usr/lib/gcc/x86_64-linux-gnu/12/../../../:/lib/:/usr/lib/
COLLECT_GCC_OPTIONS='-v' '-o' 'CMakeFiles/cmTC_d1aa4.dir/CMakeCCompilerABI.c.o' '-c' '-mtune=generic' '-march=x86-64' '-dumpdir' 'CMakeFiles/cmTC_d1aa4.dir/CMakeCCompilerABI.c.'
[2/2] Linking C executable cmTC_d1aa4
Using built-in specs.
COLLECT_GCC=/usr/bin/cc
COLLECT_LTO_WRAPPER=/usr/lib/gcc/x86_64-linux-gnu/12/lto-wrapper
OFFLOAD_TARGET_NAMES=nvptx-none:amdgcn-amdhsa
OFFLOAD_TARGET_DEFAULT=1
Target: x86_64-linux-gnu
Configured with: ../src/configure -v --with-pkgversion='Debian 12.2.0-14' --with-bugurl=file:///usr/share/doc/gcc-12/README.Bugs --enable-languages=c,ada,c++,go,d,fortran,objc,obj-c++,m2 --prefix=/usr --with-gcc-major-version-only --program-suffix=-12 --program-prefix=x86_64-linux-gnu- --enable-shared --enable-linker-build-id --libexecdir=/usr/lib --without-included-gettext --enable-threads=posix --libdir=/usr/lib --enable-nls --enable-clocale=gnu --enable-libstdcxx-debug --enable-libstdcxx-time=yes --with-default-libstdcxx-abi=new --enable-gnu-unique-object --disable-vtable-verify --enable-plugin --enable-default-pie --with-system-zlib --enable-libphobos-checking=release --with-target-system-zlib=auto --enable-objc-gc=auto --enable-multiarch --disable-werror --enable-cet --with-arch-32=i686 --with-abi=m64 --with-multilib-list=m32,m64,mx32 --enable-multilib --with-tune=generic --enable-offload-targets=nvptx-none=/build/gcc-12-bTRWOB/gcc-12-12.2.0/debian/tmp-nvptx/usr,amdgcn-amdhsa=/build/gcc-12-bTRWOB/gcc-12-12.2.0/debian/tmp-gcn/usr --enable-offload-defaulted --without-cuda-driver --enable-checking=release --build=x86_64-linux-gnu --host=x86_64-linux-gnu --target=x86_64-linux-gnu
Thread model: posix
Supported LTO compression algorithms: zlib zstd
gcc version 12.2.0 (Debian 12.2.0-14) 
COMPILER_PATH=/usr/lib/gcc/x86_64-linux-gnu/12/:/usr/lib/gcc/x86_64-linux-gnu/12/:/usr/lib/gcc/x86_64-linux-gnu/:/usr/lib/gcc/x86_64-linux-gnu/12/:/usr/lib/gcc/x86_64-linux-gnu/
LIBRARY_PATH=/usr/lib/gcc/x86_64-linux-gnu/12/:/usr/lib/gcc/x86_64-linux-gnu/12/../../../x86_64-linux-gnu/:/usr/lib/gcc/x86_64-linux-gnu/12/../../../../lib/:/lib/x86_64-linux-gnu/:/lib/../lib/:/usr/lib/x86_64-linux-gnu/:/usr/lib/../lib/:/usr/lib/gcc/x86_64-linux-gnu/12/../../../:/lib/:/usr/lib/
COLLECT_GCC_OPTIONS='-v' '-o' 'cmTC_d1aa4' '-mtune=generic' '-march=x86-64' '-dumpdir' 'cmTC_d1aa4.'
 /usr/lib/gcc/x86_64-linux-gnu/12/collect2 -plugin /usr/lib/gcc/x86_64-linux-gnu/12/liblto_plugin.so -plugin-opt=/usr/lib/gcc/x86_64-linux-gnu/12/lto-wrapper -plugin-opt=-fresolution=/tmp/ccPn40Fw.res -plugin-opt=-pass-through=-lgcc -plugin-opt=-pass-through=-lgcc_s -plugin-opt=-pass-through=-lc -plugin-opt=-pass-through=-lgcc -plugin-opt=-pass-through=-lgcc_s --build-id --eh-frame-hdr -m elf_x86_64 --hash-style=gnu --as-needed -dynamic-linker /lib64/ld-linux-x86-64.so.2 -pie -o cmTC_d1aa4 /usr/lib/gcc/x86_64-linux-gnu/12/../../../x86_64-linux-gnu/Scrt1.o /usr/lib/gcc/x86_64-linux-gnu/12/../../../x86_64-linux-gnu/crti.o /usr/lib/gcc/x86_64-linux-gnu/12/crtbeginS.o -L/usr/lib/gcc/x86_64-linux-gnu/12 -L/usr/lib/gcc/x86_64-linux-gnu/12/../../../x86_64-linux-gnu -L/usr/lib/gcc/x86_64-linux-gnu/12/../../../../lib -L/lib/x86_64-linux-gnu -L/lib/../lib -L/usr/lib/x86_64-linux-gnu -L/usr/lib/../lib -L/usr/lib/gcc/x86_64-linux-gnu/12/../../.. CMakeFiles/cmTC_d1aa4.dir/CMakeCCompilerABI.c.o -lgcc --push-state --as-needed -lgcc_s --pop-state -lc -lgcc --push-state --as-needed -lgcc_s --pop-state /usr/lib/gcc/x86_64-linux-gnu/12/crtendS.o /usr/lib/gcc/x86_64-linux-gnu/12/../../../x86_64-linux-gnu/crtn.o
COLLECT_GCC_OPTIONS='-v' '-o' 'cmTC_d1aa4' '-mtune=generic' '-march=x86-64' '-dumpdir' 'cmTC_d1aa4.'



Parsed C implicit include dir info from above output: rv=done
  found start of include info
  found start of implicit include info
    add: [/usr/lib/gcc/x86_64-linux-gnu/12/include]
    add: [/usr/local/include]
    add: [/usr/include/x86_64-linux-gnu]
    add: [/usr/include]
  end of search list found
  collapse include dir [/usr/lib/gcc/x86_64-linux-gnu/12/include] ==> [/usr/lib/gcc/x86_64-linux-gnu/12/include]
  collapse include dir [/usr/local/include] ==> [/usr/local/include]
  collapse include dir [/usr/include/x86_64-linux-gnu] ==> [/usr/include/x86_64-linux-gnu]
  collapse include dir [/usr/include] ==> [/usr/include]
  implicit include dirs: [/usr/lib/gcc/x86_64-linux-gnu/12/include;/usr/local/include;/usr/include/x86_64-linux-gnu;/usr/include]


Parsed C implicit link information from above output:
  link line regex: [^( *|.*[/\])(ld|CMAKE_LINK_STARTFILE-NOTFOUND|([^/\]+-)?ld|collect2)[^/\]*( |$)]
  ignore line: [Change Dir: /home/cyberEvangelist/Documents/kivy-test/kivy-deps-build/kivy-dependencies/build/SDL2_image-2.6.3/build/CMakeFiles/CMakeScratch/TryCompile-n7NNL7]
  ignore line: []
  ignore line: [Run Build Command(s):/usr/bin/ninja cmTC_d1aa4 && [1/2] Building C object CMakeFiles/cmTC_d1aa4.dir/CMakeCCompilerABI.c.o]
  ignore line: [Using built-in specs.]
  ignore line: [COLLECT_GCC=/usr/bin/cc]
  ignore line: [OFFLOAD_TARGET_NAMES=nvptx-none:amdgcn-amdhsa]
  ignore line: [OFFLOAD_TARGET_DEFAULT=1]
  ignore line: [Target: x86_64-linux-gnu]
  ignore line: [Configured with: ../src/configure -v --with-pkgversion='Debian 12.2.0-14' --with-bugurl=file:///usr/share/doc/gcc-12/README.Bugs --enable-languages=c ada c++ go d fortran objc obj-c++ m2 --prefix=/usr --with-gcc-major-version-only --program-suffix=-12 --program-prefix=x86_64-linux-gnu- --enable-shared --enable-linker-build-id --libexecdir=/usr/lib --without-included-gettext --enable-threads=posix --libdir=/usr/lib --enable-nls --enable-clocale=gnu --enable-libstdcxx-debug --enable-libstdcxx-time=yes --with-default-libstdcxx-abi=new --enable-gnu-unique-object --disable-vtable-verify --enable-plugin --enable-default-pie --with-system-zlib --enable-libphobos-checking=release --with-target-system-zlib=auto --enable-objc-gc=auto --enable-multiarch --disable-werror --enable-cet --with-arch-32=i686 --with-abi=m64 --with-multilib-list=m32 m64 mx32 --enable-multilib --with-tune=generic --enable-offload-targets=nvptx-none=/build/gcc-12-bTRWOB/gcc-12-12.2.0/debian/tmp-nvptx/usr amdgcn-amdhsa=/build/gcc-12-bTRWOB/gcc-12-12.2.0/debian/tmp-gcn/usr --enable-offload-defaulted --without-cuda-driver --enable-checking=release --build=x86_64-linux-gnu --host=x86_64-linux-gnu --target=x86_64-linux-gnu]
  ignore line: [Thread model: posix]
  ignore line: [Supported LTO compression algorithms: zlib zstd]
  ignore line: [gcc version 12.2.0 (Debian 12.2.0-14) ]
  ignore line: [COLLECT_GCC_OPTIONS='-v' '-o' 'CMakeFiles/cmTC_d1aa4.dir/CMakeCCompilerABI.c.o' '-c' '-mtune=generic' '-march=x86-64' '-dumpdir' 'CMakeFiles/cmTC_d1aa4.dir/']
  ignore line: [ /usr/lib/gcc/x86_64-linux-gnu/12/cc1 -quiet -v -imultiarch x86_64-linux-gnu /usr/share/cmake-3.25/Modules/CMakeCCompilerABI.c -quiet -dumpdir CMakeFiles/cmTC_d1aa4.dir/ -dumpbase CMakeCCompilerABI.c.c -dumpbase-ext .c -mtune=generic -march=x86-64 -version -fasynchronous-unwind-tables -o /tmp/cccKuNz3.s]
  ignore line: [GNU C17 (Debian 12.2.0-14) version 12.2.0 (x86_64-linux-gnu)]
  ignore line: [	compiled by GNU C version 12.2.0  GMP version 6.2.1  MPFR version 4.1.1-p1  MPC version 1.3.1  isl version isl-0.25-GMP]
  ignore line: []
  ignore line: [warning: MPFR header version 4.1.1-p1 differs from library version 4.2.0.]
  ignore line: [GGC heuristics: --param ggc-min-expand=100 --param ggc-min-heapsize=131072]
  ignore line: [ignoring nonexistent directory "/usr/local/include/x86_64-linux-gnu"]
  ignore line: [ignoring nonexistent directory "/usr/lib/gcc/x86_64-linux-gnu/12/include-fixed"]
  ignore line: [ignoring nonexistent directory "/usr/lib/gcc/x86_64-linux-gnu/12/../../../../x86_64-linux-gnu/include"]
  ignore line: [#include "..." search starts here:]
  ignore line: [#include <...> search starts here:]
  ignore line: [ /usr/lib/gcc/x86_64-linux-gnu/12/include]
  ignore line: [ /usr/local/include]
  ignore line: [ /usr/include/x86_64-linux-gnu]
  ignore line: [ /usr/include]
  ignore line: [End of search list.]
  ignore line: [GNU C17 (Debian 12.2.0-14) version 12.2.0 (x86_64-linux-gnu)]
  ignore line: [	compiled by GNU C version 12.2.0  GMP version 6.2.1  MPFR version 4.1.1-p1  MPC version 1.3.1  isl version isl-0.25-GMP]
  ignore line: []
  ignore line: [warning: MPFR header version 4.1.1-p1 differs from library version 4.2.0.]
  ignore line: [GGC heuristics: --param ggc-min-expand=100 --param ggc-min-heapsize=131072]
  ignore line: [Compiler executable checksum: cc72d2b9b5048fedc2be9051c917b40b]
  ignore line: [COLLECT_GCC_OPTIONS='-v' '-o' 'CMakeFiles/cmTC_d1aa4.dir/CMakeCCompilerABI.c.o' '-c' '-mtune=generic' '-march=x86-64' '-dumpdir' 'CMakeFiles/cmTC_d1aa4.dir/']
  ignore line: [ as -v --64 -o CMakeFiles/cmTC_d1aa4.dir/CMakeCCompilerABI.c.o /tmp/cccKuNz3.s]
  ignore line: [GNU assembler version 2.40 (x86_64-linux-gnu) using BFD version (GNU Binutils for Debian) 2.40]
  ignore line: [COMPILER_PATH=/usr/lib/gcc/x86_64-linux-gnu/12/:/usr/lib/gcc/x86_64-linux-gnu/12/:/usr/lib/gcc/x86_64-linux-gnu/:/usr/lib/gcc/x86_64-linux-gnu/12/:/usr/lib/gcc/x86_64-linux-gnu/]
  ignore line: [LIBRARY_PATH=/usr/lib/gcc/x86_64-linux-gnu/12/:/usr/lib/gcc/x86_64-linux-gnu/12/../../../x86_64-linux-gnu/:/usr/lib/gcc/x86_64-linux-gnu/12/../../../../lib/:/lib/x86_64-linux-gnu/:/lib/../lib/:/usr/lib/x86_64-linux-gnu/:/usr/lib/../lib/:/usr/lib/gcc/x86_64-linux-gnu/12/../../../:/lib/:/usr/lib/]
  ignore line: [COLLECT_GCC_OPTIONS='-v' '-o' 'CMakeFiles/cmTC_d1aa4.dir/CMakeCCompilerABI.c.o' '-c' '-mtune=generic' '-march=x86-64' '-dumpdir' 'CMakeFiles/cmTC_d1aa4.dir/CMakeCCompilerABI.c.']
  ignore line: [[2/2] Linking C executable cmTC_d1aa4]
  ignore line: [Using built-in specs.]
  ignore line: [COLLECT_GCC=/usr/bin/cc]
  ignore line: [COLLECT_LTO_WRAPPER=/usr/lib/gcc/x86_64-linux-gnu/12/lto-wrapper]
  ignore line: [OFFLOAD_TARGET_NAMES=nvptx-none:amdgcn-amdhsa]
  ignore line: [OFFLOAD_TARGET_DEFAULT=1]
  ignore line: [Target: x86_64-linux-gnu]
  ignore line: [Configured with: ../src/configure -v --with-pkgversion='Debian 12.2.0-14' --with-bugurl=file:///usr/share/doc/gcc-12/README.Bugs --enable-languages=c ada c++ go d fortran objc obj-c++ m2 --prefix=/usr --with-gcc-major-version-only --program-suffix=-12 --program-prefix=x86_64-linux-gnu- --enable-shared --enable-linker-build-id --libexecdir=/usr/lib --without-included-gettext --enable-threads=posix --libdir=/usr/lib --enable-nls --enable-clocale=gnu --enable-libstdcxx-debug --enable-libstdcxx-time=yes --with-default-libstdcxx-abi=new --enable-gnu-unique-object --disable-vtable-verify --enable-plugin --enable-default-pie --with-system-zlib --enable-libphobos-checking=release --with-target-system-zlib=auto --enable-objc-gc=auto --enable-multiarch --disable-werror --enable-cet --with-arch-32=i686 --with-abi=m64 --with-multilib-list=m32 m64 mx32 --enable-multilib --with-tune=generic --enable-offload-targets=nvptx-none=/build/gcc-12-bTRWOB/gcc-12-12.2.0/debian/tmp-nvptx/usr amdgcn-amdhsa=/build/gcc-12-bTRWOB/gcc-12-12.2.0/debian/tmp-gcn/usr --enable-offload-defaulted --without-cuda-driver --enable-checking=release --build=x86_64-linux-gnu --host=x86_64-linux-gnu --target=x86_64-linux-gnu]
  ignore line: [Thread model: posix]
  ignore line: [Supported LTO compression algorithms: zlib zstd]
  ignore line: [gcc version 12.2.0 (Debian 12.2.0-14) ]
  ignore line: [COMPILER_PATH=/usr/lib/gcc/x86_64-linux-gnu/12/:/usr/lib/gcc/x86_64-linux-gnu/12/:/usr/lib/gcc/x86_64-linux-gnu/:/usr/lib/gcc/x86_64-linux-gnu/12/:/usr/lib/gcc/x86_64-linux-gnu/]
  ignore line: [LIBRARY_PATH=/usr/lib/gcc/x86_64-linux-gnu/12/:/usr/lib/gcc/x86_64-linux-gnu/12/../../../x86_64-linux-gnu/:/usr/lib/gcc/x86_64-linux-gnu/12/../../../../lib/:/lib/x86_64-linux-gnu/:/lib/../lib/:/usr/lib/x86_64-linux-gnu/:/usr/lib/../lib/:/usr/lib/gcc/x86_64-linux-gnu/12/../../../:/lib/:/usr/lib/]
  ignore line: [COLLECT_GCC_OPTIONS='-v' '-o' 'cmTC_d1aa4' '-mtune=generic' '-march=x86-64' '-dumpdir' 'cmTC_d1aa4.']
  link line: [ /usr/lib/gcc/x86_64-linux-gnu/12/collect2 -plugin /usr/lib/gcc/x86_64-linux-gnu/12/liblto_plugin.so -plugin-opt=/usr/lib/gcc/x86_64-linux-gnu/12/lto-wrapper -plugin-opt=-fresolution=/tmp/ccPn40Fw.res -plugin-opt=-pass-through=-lgcc -plugin-opt=-pass-through=-lgcc_s -plugin-opt=-pass-through=-lc -plugin-opt=-pass-through=-lgcc -plugin-opt=-pass-through=-lgcc_s --build-id --eh-frame-hdr -m elf_x86_64 --hash-style=gnu --as-needed -dynamic-linker /lib64/ld-linux-x86-64.so.2 -pie -o cmTC_d1aa4 /usr/lib/gcc/x86_64-linux-gnu/12/../../../x86_64-linux-gnu/Scrt1.o /usr/lib/gcc/x86_64-linux-gnu/12/../../../x86_64-linux-gnu/crti.o /usr/lib/gcc/x86_64-linux-gnu/12/crtbeginS.o -L/usr/lib/gcc/x86_64-linux-gnu/12 -L/usr/lib/gcc/x86_64-linux-gnu/12/../../../x86_64-linux-gnu -L/usr/lib/gcc/x86_64-linux-gnu/12/../../../../lib -L/lib/x86_64-linux-gnu -L/lib/../lib -L/usr/lib/x86_64-linux-gnu -L/usr/lib/../lib -L/usr/lib/gcc/x86_64-linux-gnu/12/../../.. CMakeFiles/cmTC_d1aa4.dir/CMakeCCompilerABI.c.o -lgcc --push-state --as-needed -lgcc_s --pop-state -lc -lgcc --push-state --as-needed -lgcc_s --pop-state /usr/lib/gcc/x86_64-linux-gnu/12/crtendS.o /usr/lib/gcc/x86_64-linux-gnu/12/../../../x86_64-linux-gnu/crtn.o]
    arg [/usr/lib/gcc/x86_64-linux-gnu/12/collect2] ==> ignore
    arg [-plugin] ==> ignore
    arg [/usr/lib/gcc/x86_64-linux-gnu/12/liblto_plugin.so] ==> ignore
    arg [-plugin-opt=/usr/lib/gcc/x86_64-linux-gnu/12/lto-wrapper] ==> ignore
    arg [-plugin-opt=-fresolution=/tmp/ccPn40Fw.res] ==> ignore
    arg [-plugin-opt=-pass-through=-lgcc] ==> ignore
    arg [-plugin-opt=-pass-through=-lgcc_s] ==> ignore
    arg [-plugin-opt=-pass-through=-lc] ==> ignore
    arg [-plugin-opt=-pass-through=-lgcc] ==> ignore
    arg [-plugin-opt=-pass-through=-lgcc_s] ==> ignore
    arg [--build-id] ==> ignore
    arg [--eh-frame-hdr] ==> ignore
    arg [-m] ==> ignore
    arg [elf_x86_64] ==> ignore
    arg [--hash-style=gnu] ==> ignore
    arg [--as-needed] ==> ignore
    arg [-dynamic-linker] ==> ignore
    arg [/lib64/ld-linux-x86-64.so.2] ==> ignore
    arg [-pie] ==> ignore
    arg [-o] ==> ignore
    arg [cmTC_d1aa4] ==> ignore
    arg [/usr/lib/gcc/x86_64-linux-gnu/12/../../../x86_64-linux-gnu/Scrt1.o] ==> obj [/usr/lib/gcc/x86_64-linux-gnu/12/../../../x86_64-linux-gnu/Scrt1.o]
    arg [/usr/lib/gcc/x86_64-linux-gnu/12/../../../x86_64-linux-gnu/crti.o] ==> obj [/usr/lib/gcc/x86_64-linux-gnu/12/../../../x86_64-linux-gnu/crti.o]
    arg [/usr/lib/gcc/x86_64-linux-gnu/12/crtbeginS.o] ==> obj [/usr/lib/gcc/x86_64-linux-gnu/12/crtbeginS.o]
    arg [-L/usr/lib/gcc/x86_64-linux-gnu/12] ==> dir [/usr/lib/gcc/x86_64-linux-gnu/12]
    arg [-L/usr/lib/gcc/x86_64-linux-gnu/12/../../../x86_64-linux-gnu] ==> dir [/usr/lib/gcc/x86_64-linux-gnu/12/../../../x86_64-linux-gnu]
    arg [-L/usr/lib/gcc/x86_64-linux-gnu/12/../../../../lib] ==> dir [/usr/lib/gcc/x86_64-linux-gnu/12/../../../../lib]
    arg [-L/lib/x86_64-linux-gnu] ==> dir [/lib/x86_64-linux-gnu]
    arg [-L/lib/../lib] ==> dir [/lib/../lib]
    arg [-L/usr/lib/x86_64-linux-gnu] ==> dir [/usr/lib/x86_64-linux-gnu]
    arg [-L/usr/lib/../lib] ==> dir [/usr/lib/../lib]
    arg [-L/usr/lib/gcc/x86_64-linux-gnu/12/../../..] ==> dir [/usr/lib/gcc/x86_64-linux-gnu/12/../../..]
    arg [CMakeFiles/cmTC_d1aa4.dir/CMakeCCompilerABI.c.o] ==> ignore
    arg [-lgcc] ==> lib [gcc]
    arg [--push-state] ==> ignore
    arg [--as-needed] ==> ignore
    arg [-lgcc_s] ==> lib [gcc_s]
    arg [--pop-state] ==> ignore
    arg [-lc] ==> lib [c]
    arg [-lgcc] ==> lib [gcc]
    arg [--push-state] ==> ignore
    arg [--as-needed] ==> ignore
    arg [-lgcc_s] ==> lib [gcc_s]
    arg [--pop-state] ==> ignore
    arg [/usr/lib/gcc/x86_64-linux-gnu/12/crtendS.o] ==> obj [/usr/lib/gcc/x86_64-linux-gnu/12/crtendS.o]
    arg [/usr/lib/gcc/x86_64-linux-gnu/12/../../../x86_64-linux-gnu/crtn.o] ==> obj [/usr/lib/gcc/x86_64-linux-gnu/12/../../../x86_64-linux-gnu/crtn.o]
  collapse obj [/usr/lib/gcc/x86_64-linux-gnu/12/../../../x86_64-linux-gnu/Scrt1.o] ==> [/usr/lib/x86_64-linux-gnu/Scrt1.o]
  collapse obj [/usr/lib/gcc/x86_64-linux-gnu/12/../../../x86_64-linux-gnu/crti.o] ==> [/usr/lib/x86_64-linux-gnu/crti.o]
  collapse obj [/usr/lib/gcc/x86_64-linux-gnu/12/../../../x86_64-linux-gnu/crtn.o] ==> [/usr/lib/x86_64-linux-gnu/crtn.o]
  collapse library dir [/usr/lib/gcc/x86_64-linux-gnu/12] ==> [/usr/lib/gcc/x86_64-linux-gnu/12]
  collapse library dir [/usr/lib/gcc/x86_64-linux-gnu/12/../../../x86_64-linux-gnu] ==> [/usr/lib/x86_64-linux-gnu]
  collapse library dir [/usr/lib/gcc/x86_64-linux-gnu/12/../../../../lib] ==> [/usr/lib]
  collapse library dir [/lib/x86_64-linux-gnu] ==> [/lib/x86_64-linux-gnu]
  collapse library dir [/lib/../lib] ==> [/lib]
  collapse library dir [/usr/lib/x86_64-linux-gnu] ==> [/usr/lib/x86_64-linux-gnu]
  collapse library dir [/usr/lib/../lib] ==> [/usr/lib]
  collapse library dir [/usr/lib/gcc/x86_64-linux-gnu/12/../../..] ==> [/usr/lib]
  implicit libs: [gcc;gcc_s;c;gcc;gcc_s]
  implicit objs: [/usr/lib/x86_64-linux-gnu/Scrt1.o;/usr/lib/x86_64-linux-gnu/crti.o;/usr/lib/gcc/x86_64-linux-gnu/12/crtbeginS.o;/usr/lib/gcc/x86_64-linux-gnu/12/crtendS.o;/usr/lib/x86_64-linux-gnu/crtn.o]
  implicit dirs: [/usr/lib/gcc/x86_64-linux-gnu/12;/usr/lib/x86_64-linux-gnu;/usr/lib;/lib/x86_64-linux-gnu;/lib]
  implicit fwks: []


Performing C SOURCE FILE Test HAVE_WL_NO_UNDEFINED succeeded with the following output:
Change Dir: /home/cyberEvangelist/Documents/kivy-test/kivy-deps-build/kivy-dependencies/build/SDL2_image-2.6.3/build/CMakeFiles/CMakeScratch/TryCompile-DVvPHz

Run Build Command(s):/usr/bin/ninja cmTC_c9e86 && [1/2] Building C object CMakeFiles/cmTC_c9e86.dir/src.c.o
[2/2] Linking C executable cmTC_c9e86


Source file was:
int main() { return 0; }

Performing C SOURCE FILE Test C_FLAG_Wall succeeded with the following output:
Change Dir: /home/cyberEvangelist/Documents/kivy-test/kivy-deps-build/kivy-dependencies/build/SDL2_image-2.6.3/build/CMakeFiles/CMakeScratch/TryCompile-OoWyEA

Run Build Command(s):/usr/bin/ninja cmTC_65eb8 && [1/2] Building C object CMakeFiles/cmTC_65eb8.dir/src.c.o
[2/2] Linking C executable cmTC_65eb8


Source file was:
int main(void) { return 0; }

Performing C SOURCE FILE Test C_FLAG_Winline succeeded with the following output:
Change Dir: /home/cyberEvangelist/Documents/kivy-test/kivy-deps-build/kivy-dependencies/build/SDL2_image-2.6.3/build/CMakeFiles/CMakeScratch/TryCompile-IIbSDq

Run Build Command(s):/usr/bin/ninja cmTC_e6835 && [1/2] Building C object CMakeFiles/cmTC_e6835.dir/src.c.o
[2/2] Linking C executable cmTC_e6835


Source file was:
int main(void) { return 0; }

Performing C SOURCE FILE Test C_FLAG_W succeeded with the following output:
Change Dir: /home/cyberEvangelist/Documents/kivy-test/kivy-deps-build/kivy-dependencies/build/SDL2_image-2.6.3/build/CMakeFiles/CMakeScratch/TryCompile-0qLkwX

Run Build Command(s):/usr/bin/ninja cmTC_18f15 && [1/2] Building C object CMakeFiles/cmTC_18f15.dir/src.c.o
[2/2] Linking C executable cmTC_18f15


Source file was:
int main(void) { return 0; }

Performing C SOURCE FILE Test C_FLAG_Wformat_security succeeded with the following output:
Change Dir: /home/cyberEvangelist/Documents/kivy-test/kivy-deps-build/kivy-dependencies/build/SDL2_image-2.6.3/build/CMakeFiles/CMakeScratch/TryCompile-XelB90

Run Build Command(s):/usr/bin/ninja cmTC_5afd0 && [1/2] Building C object CMakeFiles/cmTC_5afd0.dir/src.c.o
[2/2] Linking C executable cmTC_5afd0


Source file was:
int main(void) { return 0; }

Performing C SOURCE FILE Test C_FLAG_Wpointer_arith succeeded with the following output:
Change Dir: /home/cyberEvangelist/Documents/kivy-test/kivy-deps-build/kivy-dependencies/build/SDL2_image-2.6.3/build/CMakeFiles/CMakeScratch/TryCompile-aNHqem

Run Build Command(s):/usr/bin/ninja cmTC_d7625 && [1/2] Building C object CMakeFiles/cmTC_d7625.dir/src.c.o
[2/2] Linking C executable cmTC_d7625


Source file was:
int main(void) { return 0; }

Performing C SOURCE FILE Test C_FLAG_Wdisabled_optimization succeeded with the following output:
Change Dir: /home/cyberEvangelist/Documents/kivy-test/kivy-deps-build/kivy-dependencies/build/SDL2_image-2.6.3/build/CMakeFiles/CMakeScratch/TryCompile-L58wWz

Run Build Command(s):/usr/bin/ninja cmTC_6aab3 && [1/2] Building C object CMakeFiles/cmTC_6aab3.dir/src.c.o
[2/2] Linking C executable cmTC_6aab3


Source file was:
int main(void) { return 0; }

Performing C SOURCE FILE Test C_FLAG_Wno_unknown_pragmas succeeded with the following output:
Change Dir: /home/cyberEvangelist/Documents/kivy-test/kivy-deps-build/kivy-dependencies/build/SDL2_image-2.6.3/build/CMakeFiles/CMakeScratch/TryCompile-pLWMHv

Run Build Command(s):/usr/bin/ninja cmTC_d7d82 && [1/2] Building C object CMakeFiles/cmTC_d7d82.dir/src.c.o
[2/2] Linking C executable cmTC_d7d82


Source file was:
int main(void) { return 0; }

Performing C SOURCE FILE Test C_FLAG_Wdeclaration_after_statement succeeded with the following output:
Change Dir: /home/cyberEvangelist/Documents/kivy-test/kivy-deps-build/kivy-dependencies/build/SDL2_image-2.6.3/build/CMakeFiles/CMakeScratch/TryCompile-i8cwXz

Run Build Command(s):/usr/bin/ninja cmTC_9eced && [1/2] Building C object CMakeFiles/cmTC_9eced.dir/src.c.o
[2/2] Linking C executable cmTC_9eced


Source file was:
int main(void) { return 0; }

Performing C SOURCE FILE Test C_FLAG_fstrict_aliasing succeeded with the following output:
Change Dir: /home/cyberEvangelist/Documents/kivy-test/kivy-deps-build/kivy-dependencies/build/SDL2_image-2.6.3/build/CMakeFiles/CMakeScratch/TryCompile-vDvfXL

Run Build Command(s):/usr/bin/ninja cmTC_a5212 && [1/2] Building C object CMakeFiles/cmTC_a5212.dir/src.c.o
[2/2] Linking C executable cmTC_a5212


Source file was:
int main(void) { return 0; }

Performing C SOURCE FILE Test HAVE_LD_VERSION_SCRIPT succeeded with the following output:
Change Dir: /home/cyberEvangelist/Documents/kivy-test/kivy-deps-build/kivy-dependencies/build/SDL2_image-2.6.3/build/CMakeFiles/CMakeScratch/TryCompile-fIb9Ps

Run Build Command(s):/usr/bin/ninja cmTC_8ba5c && [1/2] Building C object CMakeFiles/cmTC_8ba5c.dir/src.c.o
[2/2] Linking C executable cmTC_8ba5c


Source file was:
int main(void){return 0;}

Determining if the include file assert.h exists passed with the following output:
Change Dir: /home/cyberEvangelist/Documents/kivy-test/kivy-deps-build/kivy-dependencies/build/SDL2_image-2.6.3/build/CMakeFiles/CMakeScratch/TryCompile-TP1E1g

Run Build Command(s):/usr/bin/ninja cmTC_d4fe3 && [1/2] Building C object CMakeFiles/cmTC_d4fe3.dir/CheckIncludeFile.c.o
[2/2] Linking C executable cmTC_d4fe3



Determining if the include file dlfcn.h exists passed with the following output:
Change Dir: /home/cyberEvangelist/Documents/kivy-test/kivy-deps-build/kivy-dependencies/build/SDL2_image-2.6.3/build/CMakeFiles/CMakeScratch/TryCompile-iS0kwg

Run Build Command(s):/usr/bin/ninja cmTC_5d64b && [1/2] Building C object CMakeFiles/cmTC_5d64b.dir/CheckIncludeFile.c.o
[2/2] Linking C executable cmTC_5d64b



Determining if the include file fcntl.h exists passed with the following output:
Change Dir: /home/cyberEvangelist/Documents/kivy-test/kivy-deps-build/kivy-dependencies/build/SDL2_image-2.6.3/build/CMakeFiles/CMakeScratch/TryCompile-DB24bH

Run Build Command(s):/usr/bin/ninja cmTC_d9723 && [1/2] Building C object CMakeFiles/cmTC_d9723.dir/CheckIncludeFile.c.o
[2/2] Linking C executable cmTC_d9723



Determining if the include file inttypes.h exists passed with the following output:
Change Dir: /home/cyberEvangelist/Documents/kivy-test/kivy-deps-build/kivy-dependencies/build/SDL2_image-2.6.3/build/CMakeFiles/CMakeScratch/TryCompile-Qusipe

Run Build Command(s):/usr/bin/ninja cmTC_376aa && [1/2] Building C object CMakeFiles/cmTC_376aa.dir/CheckIncludeFile.c.o
[2/2] Linking C executable cmTC_376aa



Determining if the include file search.h exists passed with the following output:
Change Dir: /home/cyberEvangelist/Documents/kivy-test/kivy-deps-build/kivy-dependencies/build/SDL2_image-2.6.3/build/CMakeFiles/CMakeScratch/TryCompile-VNrq3T

Run Build Command(s):/usr/bin/ninja cmTC_b67fe && [1/2] Building C object CMakeFiles/cmTC_b67fe.dir/CheckIncludeFile.c.o
[2/2] Linking C executable cmTC_b67fe



Determining if the include file stdint.h exists passed with the following output:
Change Dir: /home/cyberEvangelist/Documents/kivy-test/kivy-deps-build/kivy-dependencies/build/SDL2_image-2.6.3/build/CMakeFiles/CMakeScratch/TryCompile-FgWrzz

Run Build Command(s):/usr/bin/ninja cmTC_3ffdc && [1/2] Building C object CMakeFiles/cmTC_3ffdc.dir/CheckIncludeFile.c.o
[2/2] Linking C executable cmTC_3ffdc



Determining if the include file string.h exists passed with the following output:
Change Dir: /home/cyberEvangelist/Documents/kivy-test/kivy-deps-build/kivy-dependencies/build/SDL2_image-2.6.3/build/CMakeFiles/CMakeScratch/TryCompile-2wzdaA

Run Build Command(s):/usr/bin/ninja cmTC_0cba9 && [1/2] Building C object CMakeFiles/cmTC_0cba9.dir/CheckIncludeFile.c.o
[2/2] Linking C executable cmTC_0cba9



Determining if the include file strings.h exists passed with the following output:
Change Dir: /home/cyberEvangelist/Documents/kivy-test/kivy-deps-build/kivy-dependencies/build/SDL2_image-2.6.3/build/CMakeFiles/CMakeScratch/TryCompile-gUDsUz

Run Build Command(s):/usr/bin/ninja cmTC_ea3a0 && [1/2] Building C object CMakeFiles/cmTC_ea3a0.dir/CheckIncludeFile.c.o
[2/2] Linking C executable cmTC_ea3a0



Determining if the include file sys/time.h exists passed with the following output:
Change Dir: /home/cyberEvangelist/Documents/kivy-test/kivy-deps-build/kivy-dependencies/build/SDL2_image-2.6.3/build/CMakeFiles/CMakeScratch/TryCompile-h6cHWZ

Run Build Command(s):/usr/bin/ninja cmTC_335e6 && [1/2] Building C object CMakeFiles/cmTC_335e6.dir/CheckIncludeFile.c.o
[2/2] Linking C executable cmTC_335e6



Determining if the include file sys/types.h exists passed with the following output:
Change Dir: /home/cyberEvangelist/Documents/kivy-test/kivy-deps-build/kivy-dependencies/build/SDL2_image-2.6.3/build/CMakeFiles/CMakeScratch/TryCompile-ZACIV3

Run Build Command(s):/usr/bin/ninja cmTC_649db && [1/2] Building C object CMakeFiles/cmTC_649db.dir/CheckIncludeFile.c.o
[2/2] Linking C executable cmTC_649db



Determining if the include file unistd.h exists passed with the following output:
Change Dir: /home/cyberEvangelist/Documents/kivy-test/kivy-deps-build/kivy-dependencies/build/SDL2_image-2.6.3/build/CMakeFiles/CMakeScratch/TryCompile-FLrhvX

Run Build Command(s):/usr/bin/ninja cmTC_9ac9e && [1/2] Building C object CMakeFiles/cmTC_9ac9e.dir/CheckIncludeFile.c.o
[2/2] Linking C executable cmTC_9ac9e



Performing C SOURCE FILE Test C_HAS_inline succeeded with the following output:
Change Dir: /home/cyberEvangelist/Documents/kivy-test/kivy-deps-build/kivy-dependencies/build/SDL2_image-2.6.3/build/CMakeFiles/CMakeScratch/TryCompile-BNm7YB

Run Build Command(s):/usr/bin/ninja cmTC_bc8ea && [1/2] Building C object CMakeFiles/cmTC_bc8ea.dir/src.c.o
/home/cyberEvangelist/Documents/kivy-test/kivy-deps-build/kivy-dependencies/build/SDL2_image-2.6.3/build/CMakeFiles/CMakeScratch/TryCompile-BNm7YB/src.c: In function ‘main’:
/home/cyberEvangelist/Documents/kivy-test/kivy-deps-build/kivy-dependencies/build/SDL2_image-2.6.3/build/CMakeFiles/CMakeScratch/TryCompile-BNm7YB/src.c:5:22: warning: unused parameter ‘argc’ [-Wunused-parameter]
    5 |         int main(int argc, char *argv[]) {return 0;}
      |                  ~~~~^~~~
/home/cyberEvangelist/Documents/kivy-test/kivy-deps-build/kivy-dependencies/build/SDL2_image-2.6.3/build/CMakeFiles/CMakeScratch/TryCompile-BNm7YB/src.c:5:34: warning: unused parameter ‘argv’ [-Wunused-parameter]
    5 |         int main(int argc, char *argv[]) {return 0;}
      |                            ~~~~~~^~~~~~
[2/2] Linking C executable cmTC_bc8ea


Source file was:

        typedef int foo_t;
        static inline foo_t static_foo() {return 0;}
        foo_t foo(){return 0;}
        int main(int argc, char *argv[]) {return 0;}

Performing C SOURCE FILE Test TIME_WITH_SYS_TIME succeeded with the following output:
Change Dir: /home/cyberEvangelist/Documents/kivy-test/kivy-deps-build/kivy-dependencies/build/SDL2_image-2.6.3/build/CMakeFiles/CMakeScratch/TryCompile-DiCirT

Run Build Command(s):/usr/bin/ninja cmTC_eb0b9 && [1/2] Building C object CMakeFiles/cmTC_eb0b9.dir/src.c.o
[2/2] Linking C executable cmTC_eb0b9


Source file was:

#include <sys/time.h>
#include <time.h>
int main(void){return 0;}

Performing C SOURCE FILE Test TM_IN_SYS_TIME succeeded with the following output:
Change Dir: /home/cyberEvangelist/Documents/kivy-test/kivy-deps-build/kivy-dependencies/build/SDL2_image-2.6.3/build/CMakeFiles/CMakeScratch/TryCompile-wzYfG8

Run Build Command(s):/usr/bin/ninja cmTC_38166 && [1/2] Building C object CMakeFiles/cmTC_38166.dir/src.c.o
[2/2] Linking C executable cmTC_38166


Source file was:

#include <sys/types.h>
#include <time.h>

int main(void){
  struct tm tm;
  int *p = &tm.tm_sec;
  return !p;
}

Determining if the include file stddef.h exists passed with the following output:
Change Dir: /home/cyberEvangelist/Documents/kivy-test/kivy-deps-build/kivy-dependencies/build/SDL2_image-2.6.3/build/CMakeFiles/CMakeScratch/TryCompile-i4ZRd3

Run Build Command(s):/usr/bin/ninja cmTC_9d985 && [1/2] Building C object CMakeFiles/cmTC_9d985.dir/CheckIncludeFile.c.o
[2/2] Linking C executable cmTC_9d985



Determining size of signed int passed with the following output:
Change Dir: /home/cyberEvangelist/Documents/kivy-test/kivy-deps-build/kivy-dependencies/build/SDL2_image-2.6.3/build/CMakeFiles/CMakeScratch/TryCompile-BFCj9K

Run Build Command(s):/usr/bin/ninja cmTC_38c8b && [1/2] Building C object CMakeFiles/cmTC_38c8b.dir/SIZEOF_SIGNED_INT.c.o
[2/2] Linking C executable cmTC_38c8b



Determining size of unsigned int passed with the following output:
Change Dir: /home/cyberEvangelist/Documents/kivy-test/kivy-deps-build/kivy-dependencies/build/SDL2_image-2.6.3/build/CMakeFiles/CMakeScratch/TryCompile-oyXZal

Run Build Command(s):/usr/bin/ninja cmTC_58bf0 && [1/2] Building C object CMakeFiles/cmTC_58bf0.dir/SIZEOF_UNSIGNED_INT.c.o
[2/2] Linking C executable cmTC_58bf0



Determining size of signed long passed with the following output:
Change Dir: /home/cyberEvangelist/Documents/kivy-test/kivy-deps-build/kivy-dependencies/build/SDL2_image-2.6.3/build/CMakeFiles/CMakeScratch/TryCompile-GC2Yr9

Run Build Command(s):/usr/bin/ninja cmTC_0a986 && [1/2] Building C object CMakeFiles/cmTC_0a986.dir/SIZEOF_SIGNED_LONG.c.o
[2/2] Linking C executable cmTC_0a986



Determining size of unsigned long passed with the following output:
Change Dir: /home/cyberEvangelist/Documents/kivy-test/kivy-deps-build/kivy-dependencies/build/SDL2_image-2.6.3/build/CMakeFiles/CMakeScratch/TryCompile-avQ78v

Run Build Command(s):/usr/bin/ninja cmTC_6118d && [1/2] Building C object CMakeFiles/cmTC_6118d.dir/SIZEOF_UNSIGNED_LONG.c.o
[2/2] Linking C executable cmTC_6118d



Determining size of signed long long passed with the following output:
Change Dir: /home/cyberEvangelist/Documents/kivy-test/kivy-deps-build/kivy-dependencies/build/SDL2_image-2.6.3/build/CMakeFiles/CMakeScratch/TryCompile-1GdXY2

Run Build Command(s):/usr/bin/ninja cmTC_a7dc5 && [1/2] Building C object CMakeFiles/cmTC_a7dc5.dir/SIZEOF_SIGNED_LONG_LONG.c.o
[2/2] Linking C executable cmTC_a7dc5



Determining size of unsigned long long passed with the following output:
Change Dir: /home/cyberEvangelist/Documents/kivy-test/kivy-deps-build/kivy-dependencies/build/SDL2_image-2.6.3/build/CMakeFiles/CMakeScratch/TryCompile-98jyz6

Run Build Command(s):/usr/bin/ninja cmTC_1ba62 && [1/2] Building C object CMakeFiles/cmTC_1ba62.dir/SIZEOF_UNSIGNED_LONG_LONG.c.o
[2/2] Linking C executable cmTC_1ba62



Determining size of unsigned char * passed with the following output:
Change Dir: /home/cyberEvangelist/Documents/kivy-test/kivy-deps-build/kivy-dependencies/build/SDL2_image-2.6.3/build/CMakeFiles/CMakeScratch/TryCompile-VJbOqm

Run Build Command(s):/usr/bin/ninja cmTC_d7e25 && [1/2] Building C object CMakeFiles/cmTC_d7e25.dir/SIZEOF_UNSIGNED_CHAR_P.c.o
[2/2] Linking C executable cmTC_d7e25



Determining size of size_t passed with the following output:
Change Dir: /home/cyberEvangelist/Documents/kivy-test/kivy-deps-build/kivy-dependencies/build/SDL2_image-2.6.3/build/CMakeFiles/CMakeScratch/TryCompile-yt4Zm9

Run Build Command(s):/usr/bin/ninja cmTC_ad78d && [1/2] Building C object CMakeFiles/cmTC_ad78d.dir/SIZEOF_SIZE_T.c.o
[2/2] Linking C executable cmTC_ad78d



Determining size of ptrdiff_t passed with the following output:
Change Dir: /home/cyberEvangelist/Documents/kivy-test/kivy-deps-build/kivy-dependencies/build/SDL2_image-2.6.3/build/CMakeFiles/CMakeScratch/TryCompile-S1p5x5

Run Build Command(s):/usr/bin/ninja cmTC_e06d0 && [1/2] Building C object CMakeFiles/cmTC_e06d0.dir/SIZEOF_PTRDIFF_T.c.o
[2/2] Linking C executable cmTC_e06d0



Determining if the mmap exist passed with the following output:
Change Dir: /home/cyberEvangelist/Documents/kivy-test/kivy-deps-build/kivy-dependencies/build/SDL2_image-2.6.3/build/CMakeFiles/CMakeScratch/TryCompile-DWM2rH

Run Build Command(s):/usr/bin/ninja cmTC_e4147 && [1/2] Building C object CMakeFiles/cmTC_e4147.dir/CheckSymbolExists.c.o
[2/2] Linking C executable cmTC_e4147


File CheckSymbolExists.c:
/* */
#include <sys/mman.h>

int main(int argc, char** argv)
{
  (void)argv;
#ifndef mmap
  return ((int*)(&mmap))[argc];
#else
  (void)argc;
  return 0;
#endif
}
Determining if the snprintf exist passed with the following output:
Change Dir: /home/cyberEvangelist/Documents/kivy-test/kivy-deps-build/kivy-dependencies/build/SDL2_image-2.6.3/build/CMakeFiles/CMakeScratch/TryCompile-iYqsKo

Run Build Command(s):/usr/bin/ninja cmTC_63033 && [1/2] Building C object CMakeFiles/cmTC_63033.dir/CheckSymbolExists.c.o
[2/2] Linking C executable cmTC_63033


File CheckSymbolExists.c:
/* */
#include <stdio.h>

int main(int argc, char** argv)
{
  (void)argv;
#ifndef snprintf
  return ((int*)(&snprintf))[argc];
#else
  (void)argc;
  return 0;
#endif
}
Determining if the strcasecmp exist passed with the following output:
Change Dir: /home/cyberEvangelist/Documents/kivy-test/kivy-deps-build/kivy-dependencies/build/SDL2_image-2.6.3/build/CMakeFiles/CMakeScratch/TryCompile-4vcxIO

Run Build Command(s):/usr/bin/ninja cmTC_bfb9c && [1/2] Building C object CMakeFiles/cmTC_bfb9c.dir/CheckSymbolExists.c.o
[2/2] Linking C executable cmTC_bfb9c


File CheckSymbolExists.c:
/* */
#include <strings.h>

int main(int argc, char** argv)
{
  (void)argv;
#ifndef strcasecmp
  return ((int*)(&strcasecmp))[argc];
#else
  (void)argc;
  return 0;
#endif
}
Determining if the strtol exist passed with the following output:
Change Dir: /home/cyberEvangelist/Documents/kivy-test/kivy-deps-build/kivy-dependencies/build/SDL2_image-2.6.3/build/CMakeFiles/CMakeScratch/TryCompile-UlmEOA

Run Build Command(s):/usr/bin/ninja cmTC_d3de0 && [1/2] Building C object CMakeFiles/cmTC_d3de0.dir/CheckSymbolExists.c.o
[2/2] Linking C executable cmTC_d3de0


File CheckSymbolExists.c:
/* */
#include <stdlib.h>

int main(int argc, char** argv)
{
  (void)argv;
#ifndef strtol
  return ((int*)(&strtol))[argc];
#else
  (void)argc;
  return 0;
#endif
}
Determining if the strtoll exist passed with the following output:
Change Dir: /home/cyberEvangelist/Documents/kivy-test/kivy-deps-build/kivy-dependencies/build/SDL2_image-2.6.3/build/CMakeFiles/CMakeScratch/TryCompile-kMiPsl

Run Build Command(s):/usr/bin/ninja cmTC_cef95 && [1/2] Building C object CMakeFiles/cmTC_cef95.dir/CheckSymbolExists.c.o
[2/2] Linking C executable cmTC_cef95


File CheckSymbolExists.c:
/* */
#include <stdlib.h>

int main(int argc, char** argv)
{
  (void)argv;
#ifndef strtoll
  return ((int*)(&strtoll))[argc];
#else
  (void)argc;
  return 0;
#endif
}
Determining if the strtoul exist passed with the following output:
Change Dir: /home/cyberEvangelist/Documents/kivy-test/kivy-deps-build/kivy-dependencies/build/SDL2_image-2.6.3/build/CMakeFiles/CMakeScratch/TryCompile-NmEb99

Run Build Command(s):/usr/bin/ninja cmTC_6fd36 && [1/2] Building C object CMakeFiles/cmTC_6fd36.dir/CheckSymbolExists.c.o
[2/2] Linking C executable cmTC_6fd36


File CheckSymbolExists.c:
/* */
#include <stdlib.h>

int main(int argc, char** argv)
{
  (void)argv;
#ifndef strtoul
  return ((int*)(&strtoul))[argc];
#else
  (void)argc;
  return 0;
#endif
}
Determining if the strtoull exist passed with the following output:
Change Dir: /home/cyberEvangelist/Documents/kivy-test/kivy-deps-build/kivy-dependencies/build/SDL2_image-2.6.3/build/CMakeFiles/CMakeScratch/TryCompile-TiFLGR

Run Build Command(s):/usr/bin/ninja cmTC_c10b3 && [1/2] Building C object CMakeFiles/cmTC_c10b3.dir/CheckSymbolExists.c.o
[2/2] Linking C executable cmTC_c10b3


File CheckSymbolExists.c:
/* */
#include <stdlib.h>

int main(int argc, char** argv)
{
  (void)argv;
#ifndef strtoull
  return ((int*)(&strtoull))[argc];
#else
  (void)argc;
  return 0;
#endif
}
Determining if the getopt exist passed with the following output:
Change Dir: /home/cyberEvangelist/Documents/kivy-test/kivy-deps-build/kivy-dependencies/build/SDL2_image-2.6.3/build/CMakeFiles/CMakeScratch/TryCompile-Gyl6fe

Run Build Command(s):/usr/bin/ninja cmTC_ec307 && [1/2] Building C object CMakeFiles/cmTC_ec307.dir/CheckSymbolExists.c.o
[2/2] Linking C executable cmTC_ec307


File CheckSymbolExists.c:
/* */
#include <unistd.h>
#include <stdio.h>

int main(int argc, char** argv)
{
  (void)argv;
#ifndef getopt
  return ((int*)(&getopt))[argc];
#else
  (void)argc;
  return 0;
#endif
}
Determining if the lfind exist passed with the following output:
Change Dir: /home/cyberEvangelist/Documents/kivy-test/kivy-deps-build/kivy-dependencies/build/SDL2_image-2.6.3/build/CMakeFiles/CMakeScratch/TryCompile-z9e8zr

Run Build Command(s):/usr/bin/ninja cmTC_2b074 && [1/2] Building C object CMakeFiles/cmTC_2b074.dir/CheckSymbolExists.c.o
[2/2] Linking C executable cmTC_2b074


File CheckSymbolExists.c:
/* */
#include <search.h>

int main(int argc, char** argv)
{
  (void)argv;
#ifndef lfind
  return ((int*)(&lfind))[argc];
#else
  (void)argc;
  return 0;
#endif
}
Compiling the CXX compiler identification source file "CMakeCXXCompilerId.cpp" succeeded.
Compiler: /usr/bin/c++ 
Build flags: 
Id flags:  

The output was:
0


Compilation of the CXX compiler identification source "CMakeCXXCompilerId.cpp" produced "a.out"

The CXX compiler identification is GNU, found in "/home/cyberEvangelist/Documents/kivy-test/kivy-deps-build/kivy-dependencies/build/SDL2_image-2.6.3/build/CMakeFiles/3.25.1/CompilerIdCXX/a.out"

Detecting CXX compiler ABI info compiled with the following output:
Change Dir: /home/cyberEvangelist/Documents/kivy-test/kivy-deps-build/kivy-dependencies/build/SDL2_image-2.6.3/build/CMakeFiles/CMakeScratch/TryCompile-TNdfuj

Run Build Command(s):/usr/bin/ninja cmTC_39dce && [1/2] Building CXX object CMakeFiles/cmTC_39dce.dir/CMakeCXXCompilerABI.cpp.o
Using built-in specs.
COLLECT_GCC=/usr/bin/c++
OFFLOAD_TARGET_NAMES=nvptx-none:amdgcn-amdhsa
OFFLOAD_TARGET_DEFAULT=1
Target: x86_64-linux-gnu
Configured with: ../src/configure -v --with-pkgversion='Debian 12.2.0-14' --with-bugurl=file:///usr/share/doc/gcc-12/README.Bugs --enable-languages=c,ada,c++,go,d,fortran,objc,obj-c++,m2 --prefix=/usr --with-gcc-major-version-only --program-suffix=-12 --program-prefix=x86_64-linux-gnu- --enable-shared --enable-linker-build-id --libexecdir=/usr/lib --without-included-gettext --enable-threads=posix --libdir=/usr/lib --enable-nls --enable-clocale=gnu --enable-libstdcxx-debug --enable-libstdcxx-time=yes --with-default-libstdcxx-abi=new --enable-gnu-unique-object --disable-vtable-verify --enable-plugin --enable-default-pie --with-system-zlib --enable-libphobos-checking=release --with-target-system-zlib=auto --enable-objc-gc=auto --enable-multiarch --disable-werror --enable-cet --with-arch-32=i686 --with-abi=m64 --with-multilib-list=m32,m64,mx32 --enable-multilib --with-tune=generic --enable-offload-targets=nvptx-none=/build/gcc-12-bTRWOB/gcc-12-12.2.0/debian/tmp-nvptx/usr,amdgcn-amdhsa=/build/gcc-12-bTRWOB/gcc-12-12.2.0/debian/tmp-gcn/usr --enable-offload-defaulted --without-cuda-driver --enable-checking=release --build=x86_64-linux-gnu --host=x86_64-linux-gnu --target=x86_64-linux-gnu
Thread model: posix
Supported LTO compression algorithms: zlib zstd
gcc version 12.2.0 (Debian 12.2.0-14) 
COLLECT_GCC_OPTIONS='-fPIE' '-v' '-o' 'CMakeFiles/cmTC_39dce.dir/CMakeCXXCompilerABI.cpp.o' '-c' '-shared-libgcc' '-mtune=generic' '-march=x86-64' '-dumpdir' 'CMakeFiles/cmTC_39dce.dir/'
 /usr/lib/gcc/x86_64-linux-gnu/12/cc1plus -quiet -v -imultiarch x86_64-linux-gnu -D_GNU_SOURCE /usr/share/cmake-3.25/Modules/CMakeCXXCompilerABI.cpp -quiet -dumpdir CMakeFiles/cmTC_39dce.dir/ -dumpbase CMakeCXXCompilerABI.cpp.cpp -dumpbase-ext .cpp -mtune=generic -march=x86-64 -version -fPIE -fasynchronous-unwind-tables -o /tmp/cctHrOFl.s
GNU C++17 (Debian 12.2.0-14) version 12.2.0 (x86_64-linux-gnu)
	compiled by GNU C version 12.2.0, GMP version 6.2.1, MPFR version 4.1.1-p1, MPC version 1.3.1, isl version isl-0.25-GMP

warning: MPFR header version 4.1.1-p1 differs from library version 4.2.0.
GGC heuristics: --param ggc-min-expand=100 --param ggc-min-heapsize=131072
ignoring duplicate directory "/usr/include/x86_64-linux-gnu/c++/12"
ignoring nonexistent directory "/usr/local/include/x86_64-linux-gnu"
ignoring nonexistent directory "/usr/lib/gcc/x86_64-linux-gnu/12/include-fixed"
ignoring nonexistent directory "/usr/lib/gcc/x86_64-linux-gnu/12/../../../../x86_64-linux-gnu/include"
#include "..." search starts here:
#include <...> search starts here:
 /usr/include/c++/12
 /usr/include/x86_64-linux-gnu/c++/12
 /usr/include/c++/12/backward
 /usr/lib/gcc/x86_64-linux-gnu/12/include
 /usr/local/include
 /usr/include/x86_64-linux-gnu
 /usr/include
End of search list.
GNU C++17 (Debian 12.2.0-14) version 12.2.0 (x86_64-linux-gnu)
	compiled by GNU C version 12.2.0, GMP version 6.2.1, MPFR version 4.1.1-p1, MPC version 1.3.1, isl version isl-0.25-GMP

warning: MPFR header version 4.1.1-p1 differs from library version 4.2.0.
GGC heuristics: --param ggc-min-expand=100 --param ggc-min-heapsize=131072
Compiler executable checksum: 62b090dbbefa50644117a3c13d47369a
COLLECT_GCC_OPTIONS='-fPIE' '-v' '-o' 'CMakeFiles/cmTC_39dce.dir/CMakeCXXCompilerABI.cpp.o' '-c' '-shared-libgcc' '-mtune=generic' '-march=x86-64' '-dumpdir' 'CMakeFiles/cmTC_39dce.dir/'
 as -v --64 -o CMakeFiles/cmTC_39dce.dir/CMakeCXXCompilerABI.cpp.o /tmp/cctHrOFl.s
GNU assembler version 2.40 (x86_64-linux-gnu) using BFD version (GNU Binutils for Debian) 2.40
COMPILER_PATH=/usr/lib/gcc/x86_64-linux-gnu/12/:/usr/lib/gcc/x86_64-linux-gnu/12/:/usr/lib/gcc/x86_64-linux-gnu/:/usr/lib/gcc/x86_64-linux-gnu/12/:/usr/lib/gcc/x86_64-linux-gnu/
LIBRARY_PATH=/usr/lib/gcc/x86_64-linux-gnu/12/:/usr/lib/gcc/x86_64-linux-gnu/12/../../../x86_64-linux-gnu/:/usr/lib/gcc/x86_64-linux-gnu/12/../../../../lib/:/lib/x86_64-linux-gnu/:/lib/../lib/:/usr/lib/x86_64-linux-gnu/:/usr/lib/../lib/:/usr/lib/gcc/x86_64-linux-gnu/12/../../../:/lib/:/usr/lib/
COLLECT_GCC_OPTIONS='-fPIE' '-v' '-o' 'CMakeFiles/cmTC_39dce.dir/CMakeCXXCompilerABI.cpp.o' '-c' '-shared-libgcc' '-mtune=generic' '-march=x86-64' '-dumpdir' 'CMakeFiles/cmTC_39dce.dir/CMakeCXXCompilerABI.cpp.'
[2/2] Linking CXX executable cmTC_39dce
Using built-in specs.
COLLECT_GCC=/usr/bin/c++
COLLECT_LTO_WRAPPER=/usr/lib/gcc/x86_64-linux-gnu/12/lto-wrapper
OFFLOAD_TARGET_NAMES=nvptx-none:amdgcn-amdhsa
OFFLOAD_TARGET_DEFAULT=1
Target: x86_64-linux-gnu
Configured with: ../src/configure -v --with-pkgversion='Debian 12.2.0-14' --with-bugurl=file:///usr/share/doc/gcc-12/README.Bugs --enable-languages=c,ada,c++,go,d,fortran,objc,obj-c++,m2 --prefix=/usr --with-gcc-major-version-only --program-suffix=-12 --program-prefix=x86_64-linux-gnu- --enable-shared --enable-linker-build-id --libexecdir=/usr/lib --without-included-gettext --enable-threads=posix --libdir=/usr/lib --enable-nls --enable-clocale=gnu --enable-libstdcxx-debug --enable-libstdcxx-time=yes --with-default-libstdcxx-abi=new --enable-gnu-unique-object --disable-vtable-verify --enable-plugin --enable-default-pie --with-system-zlib --enable-libphobos-checking=release --with-target-system-zlib=auto --enable-objc-gc=auto --enable-multiarch --disable-werror --enable-cet --with-arch-32=i686 --with-abi=m64 --with-multilib-list=m32,m64,mx32 --enable-multilib --with-tune=generic --enable-offload-targets=nvptx-none=/build/gcc-12-bTRWOB/gcc-12-12.2.0/debian/tmp-nvptx/usr,amdgcn-amdhsa=/build/gcc-12-bTRWOB/gcc-12-12.2.0/debian/tmp-gcn/usr --enable-offload-defaulted --without-cuda-driver --enable-checking=release --build=x86_64-linux-gnu --host=x86_64-linux-gnu --target=x86_64-linux-gnu
Thread model: posix
Supported LTO compression algorithms: zlib zstd
gcc version 12.2.0 (Debian 12.2.0-14) 
COMPILER_PATH=/usr/lib/gcc/x86_64-linux-gnu/12/:/usr/lib/gcc/x86_64-linux-gnu/12/:/usr/lib/gcc/x86_64-linux-gnu/:/usr/lib/gcc/x86_64-linux-gnu/12/:/usr/lib/gcc/x86_64-linux-gnu/
LIBRARY_PATH=/usr/lib/gcc/x86_64-linux-gnu/12/:/usr/lib/gcc/x86_64-linux-gnu/12/../../../x86_64-linux-gnu/:/usr/lib/gcc/x86_64-linux-gnu/12/../../../../lib/:/lib/x86_64-linux-gnu/:/lib/../lib/:/usr/lib/x86_64-linux-gnu/:/usr/lib/../lib/:/usr/lib/gcc/x86_64-linux-gnu/12/../../../:/lib/:/usr/lib/
COLLECT_GCC_OPTIONS='-v' '-rdynamic' '-o' 'cmTC_39dce' '-shared-libgcc' '-mtune=generic' '-march=x86-64' '-dumpdir' 'cmTC_39dce.'
 /usr/lib/gcc/x86_64-linux-gnu/12/collect2 -plugin /usr/lib/gcc/x86_64-linux-gnu/12/liblto_plugin.so -plugin-opt=/usr/lib/gcc/x86_64-linux-gnu/12/lto-wrapper -plugin-opt=-fresolution=/tmp/ccdlPBNv.res -plugin-opt=-pass-through=-lgcc_s -plugin-opt=-pass-through=-lgcc -plugin-opt=-pass-through=-lc -plugin-opt=-pass-through=-lgcc_s -plugin-opt=-pass-through=-lgcc --build-id --eh-frame-hdr -m elf_x86_64 --hash-style=gnu --as-needed -export-dynamic -dynamic-linker /lib64/ld-linux-x86-64.so.2 -pie -o cmTC_39dce /usr/lib/gcc/x86_64-linux-gnu/12/../../../x86_64-linux-gnu/Scrt1.o /usr/lib/gcc/x86_64-linux-gnu/12/../../../x86_64-linux-gnu/crti.o /usr/lib/gcc/x86_64-linux-gnu/12/crtbeginS.o -L/usr/lib/gcc/x86_64-linux-gnu/12 -L/usr/lib/gcc/x86_64-linux-gnu/12/../../../x86_64-linux-gnu -L/usr/lib/gcc/x86_64-linux-gnu/12/../../../../lib -L/lib/x86_64-linux-gnu -L/lib/../lib -L/usr/lib/x86_64-linux-gnu -L/usr/lib/../lib -L/usr/lib/gcc/x86_64-linux-gnu/12/../../.. CMakeFiles/cmTC_39dce.dir/CMakeCXXCompilerABI.cpp.o -lstdc++ -lm -lgcc_s -lgcc -lc -lgcc_s -lgcc /usr/lib/gcc/x86_64-linux-gnu/12/crtendS.o /usr/lib/gcc/x86_64-linux-gnu/12/../../../x86_64-linux-gnu/crtn.o
COLLECT_GCC_OPTIONS='-v' '-rdynamic' '-o' 'cmTC_39dce' '-shared-libgcc' '-mtune=generic' '-march=x86-64' '-dumpdir' 'cmTC_39dce.'



Parsed CXX implicit include dir info from above output: rv=done
  found start of include info
  found start of implicit include info
    add: [/usr/include/c++/12]
    add: [/usr/include/x86_64-linux-gnu/c++/12]
    add: [/usr/include/c++/12/backward]
    add: [/usr/lib/gcc/x86_64-linux-gnu/12/include]
    add: [/usr/local/include]
    add: [/usr/include/x86_64-linux-gnu]
    add: [/usr/include]
  end of search list found
  collapse include dir [/usr/include/c++/12] ==> [/usr/include/c++/12]
  collapse include dir [/usr/include/x86_64-linux-gnu/c++/12] ==> [/usr/include/x86_64-linux-gnu/c++/12]
  collapse include dir [/usr/include/c++/12/backward] ==> [/usr/include/c++/12/backward]
  collapse include dir [/usr/lib/gcc/x86_64-linux-gnu/12/include] ==> [/usr/lib/gcc/x86_64-linux-gnu/12/include]
  collapse include dir [/usr/local/include] ==> [/usr/local/include]
  collapse include dir [/usr/include/x86_64-linux-gnu] ==> [/usr/include/x86_64-linux-gnu]
  collapse include dir [/usr/include] ==> [/usr/include]
  implicit include dirs: [/usr/include/c++/12;/usr/include/x86_64-linux-gnu/c++/12;/usr/include/c++/12/backward;/usr/lib/gcc/x86_64-linux-gnu/12/include;/usr/local/include;/usr/include/x86_64-linux-gnu;/usr/include]


Parsed CXX implicit link information from above output:
  link line regex: [^( *|.*[/\])(ld|CMAKE_LINK_STARTFILE-NOTFOUND|([^/\]+-)?ld|collect2)[^/\]*( |$)]
  ignore line: [Change Dir: /home/cyberEvangelist/Documents/kivy-test/kivy-deps-build/kivy-dependencies/build/SDL2_image-2.6.3/build/CMakeFiles/CMakeScratch/TryCompile-TNdfuj]
  ignore line: []
  ignore line: [Run Build Command(s):/usr/bin/ninja cmTC_39dce && [1/2] Building CXX object CMakeFiles/cmTC_39dce.dir/CMakeCXXCompilerABI.cpp.o]
  ignore line: [Using built-in specs.]
  ignore line: [COLLECT_GCC=/usr/bin/c++]
  ignore line: [OFFLOAD_TARGET_NAMES=nvptx-none:amdgcn-amdhsa]
  ignore line: [OFFLOAD_TARGET_DEFAULT=1]
  ignore line: [Target: x86_64-linux-gnu]
  ignore line: [Configured with: ../src/configure -v --with-pkgversion='Debian 12.2.0-14' --with-bugurl=file:///usr/share/doc/gcc-12/README.Bugs --enable-languages=c ada c++ go d fortran objc obj-c++ m2 --prefix=/usr --with-gcc-major-version-only --program-suffix=-12 --program-prefix=x86_64-linux-gnu- --enable-shared --enable-linker-build-id --libexecdir=/usr/lib --without-included-gettext --enable-threads=posix --libdir=/usr/lib --enable-nls --enable-clocale=gnu --enable-libstdcxx-debug --enable-libstdcxx-time=yes --with-default-libstdcxx-abi=new --enable-gnu-unique-object --disable-vtable-verify --enable-plugin --enable-default-pie --with-system-zlib --enable-libphobos-checking=release --with-target-system-zlib=auto --enable-objc-gc=auto --enable-multiarch --disable-werror --enable-cet --with-arch-32=i686 --with-abi=m64 --with-multilib-list=m32 m64 mx32 --enable-multilib --with-tune=generic --enable-offload-targets=nvptx-none=/build/gcc-12-bTRWOB/gcc-12-12.2.0/debian/tmp-nvptx/usr amdgcn-amdhsa=/build/gcc-12-bTRWOB/gcc-12-12.2.0/debian/tmp-gcn/usr --enable-offload-defaulted --without-cuda-driver --enable-checking=release --build=x86_64-linux-gnu --host=x86_64-linux-gnu --target=x86_64-linux-gnu]
  ignore line: [Thread model: posix]
  ignore line: [Supported LTO compression algorithms: zlib zstd]
  ignore line: [gcc version 12.2.0 (Debian 12.2.0-14) ]
  ignore line: [COLLECT_GCC_OPTIONS='-fPIE' '-v' '-o' 'CMakeFiles/cmTC_39dce.dir/CMakeCXXCompilerABI.cpp.o' '-c' '-shared-libgcc' '-mtune=generic' '-march=x86-64' '-dumpdir' 'CMakeFiles/cmTC_39dce.dir/']
  ignore line: [ /usr/lib/gcc/x86_64-linux-gnu/12/cc1plus -quiet -v -imultiarch x86_64-linux-gnu -D_GNU_SOURCE /usr/share/cmake-3.25/Modules/CMakeCXXCompilerABI.cpp -quiet -dumpdir CMakeFiles/cmTC_39dce.dir/ -dumpbase CMakeCXXCompilerABI.cpp.cpp -dumpbase-ext .cpp -mtune=generic -march=x86-64 -version -fPIE -fasynchronous-unwind-tables -o /tmp/cctHrOFl.s]
  ignore line: [GNU C++17 (Debian 12.2.0-14) version 12.2.0 (x86_64-linux-gnu)]
  ignore line: [	compiled by GNU C version 12.2.0  GMP version 6.2.1  MPFR version 4.1.1-p1  MPC version 1.3.1  isl version isl-0.25-GMP]
  ignore line: []
  ignore line: [warning: MPFR header version 4.1.1-p1 differs from library version 4.2.0.]
  ignore line: [GGC heuristics: --param ggc-min-expand=100 --param ggc-min-heapsize=131072]
  ignore line: [ignoring duplicate directory "/usr/include/x86_64-linux-gnu/c++/12"]
  ignore line: [ignoring nonexistent directory "/usr/local/include/x86_64-linux-gnu"]
  ignore line: [ignoring nonexistent directory "/usr/lib/gcc/x86_64-linux-gnu/12/include-fixed"]
  ignore line: [ignoring nonexistent directory "/usr/lib/gcc/x86_64-linux-gnu/12/../../../../x86_64-linux-gnu/include"]
  ignore line: [#include "..." search starts here:]
  ignore line: [#include <...> search starts here:]
  ignore line: [ /usr/include/c++/12]
  ignore line: [ /usr/include/x86_64-linux-gnu/c++/12]
  ignore line: [ /usr/include/c++/12/backward]
  ignore line: [ /usr/lib/gcc/x86_64-linux-gnu/12/include]
  ignore line: [ /usr/local/include]
  ignore line: [ /usr/include/x86_64-linux-gnu]
  ignore line: [ /usr/include]
  ignore line: [End of search list.]
  ignore line: [GNU C++17 (Debian 12.2.0-14) version 12.2.0 (x86_64-linux-gnu)]
  ignore line: [	compiled by GNU C version 12.2.0  GMP version 6.2.1  MPFR version 4.1.1-p1  MPC version 1.3.1  isl version isl-0.25-GMP]
  ignore line: []
  ignore line: [warning: MPFR header version 4.1.1-p1 differs from library version 4.2.0.]
  ignore line: [GGC heuristics: --param ggc-min-expand=100 --param ggc-min-heapsize=131072]
  ignore line: [Compiler executable checksum: 62b090dbbefa50644117a3c13d47369a]
  ignore line: [COLLECT_GCC_OPTIONS='-fPIE' '-v' '-o' 'CMakeFiles/cmTC_39dce.dir/CMakeCXXCompilerABI.cpp.o' '-c' '-shared-libgcc' '-mtune=generic' '-march=x86-64' '-dumpdir' 'CMakeFiles/cmTC_39dce.dir/']
  ignore line: [ as -v --64 -o CMakeFiles/cmTC_39dce.dir/CMakeCXXCompilerABI.cpp.o /tmp/cctHrOFl.s]
  ignore line: [GNU assembler version 2.40 (x86_64-linux-gnu) using BFD version (GNU Binutils for Debian) 2.40]
  ignore line: [COMPILER_PATH=/usr/lib/gcc/x86_64-linux-gnu/12/:/usr/lib/gcc/x86_64-linux-gnu/12/:/usr/lib/gcc/x86_64-linux-gnu/:/usr/lib/gcc/x86_64-linux-gnu/12/:/usr/lib/gcc/x86_64-linux-gnu/]
  ignore line: [LIBRARY_PATH=/usr/lib/gcc/x86_64-linux-gnu/12/:/usr/lib/gcc/x86_64-linux-gnu/12/../../../x86_64-linux-gnu/:/usr/lib/gcc/x86_64-linux-gnu/12/../../../../lib/:/lib/x86_64-linux-gnu/:/lib/../lib/:/usr/lib/x86_64-linux-gnu/:/usr/lib/../lib/:/usr/lib/gcc/x86_64-linux-gnu/12/../../../:/lib/:/usr/lib/]
  ignore line: [COLLECT_GCC_OPTIONS='-fPIE' '-v' '-o' 'CMakeFiles/cmTC_39dce.dir/CMakeCXXCompilerABI.cpp.o' '-c' '-shared-libgcc' '-mtune=generic' '-march=x86-64' '-dumpdir' 'CMakeFiles/cmTC_39dce.dir/CMakeCXXCompilerABI.cpp.']
  ignore line: [[2/2] Linking CXX executable cmTC_39dce]
  ignore line: [Using built-in specs.]
  ignore line: [COLLECT_GCC=/usr/bin/c++]
  ignore line: [COLLECT_LTO_WRAPPER=/usr/lib/gcc/x86_64-linux-gnu/12/lto-wrapper]
  ignore line: [OFFLOAD_TARGET_NAMES=nvptx-none:amdgcn-amdhsa]
  ignore line: [OFFLOAD_TARGET_DEFAULT=1]
  ignore line: [Target: x86_64-linux-gnu]
  ignore line: [Configured with: ../src/configure -v --with-pkgversion='Debian 12.2.0-14' --with-bugurl=file:///usr/share/doc/gcc-12/README.Bugs --enable-languages=c ada c++ go d fortran objc obj-c++ m2 --prefix=/usr --with-gcc-major-version-only --program-suffix=-12 --program-prefix=x86_64-linux-gnu- --enable-shared --enable-linker-build-id --libexecdir=/usr/lib --without-included-gettext --enable-threads=posix --libdir=/usr/lib --enable-nls --enable-clocale=gnu --enable-libstdcxx-debug --enable-libstdcxx-time=yes --with-default-libstdcxx-abi=new --enable-gnu-unique-object --disable-vtable-verify --enable-plugin --enable-default-pie --with-system-zlib --enable-libphobos-checking=release --with-target-system-zlib=auto --enable-objc-gc=auto --enable-multiarch --disable-werror --enable-cet --with-arch-32=i686 --with-abi=m64 --with-multilib-list=m32 m64 mx32 --enable-multilib --with-tune=generic --enable-offload-targets=nvptx-none=/build/gcc-12-bTRWOB/gcc-12-12.2.0/debian/tmp-nvptx/usr amdgcn-amdhsa=/build/gcc-12-bTRWOB/gcc-12-12.2.0/debian/tmp-gcn/usr --enable-offload-defaulted --without-cuda-driver --enable-checking=release --build=x86_64-linux-gnu --host=x86_64-linux-gnu --target=x86_64-linux-gnu]
  ignore line: [Thread model: posix]
  ignore line: [Supported LTO compression algorithms: zlib zstd]
  ignore line: [gcc version 12.2.0 (Debian 12.2.0-14) ]
  ignore line: [COMPILER_PATH=/usr/lib/gcc/x86_64-linux-gnu/12/:/usr/lib/gcc/x86_64-linux-gnu/12/:/usr/lib/gcc/x86_64-linux-gnu/:/usr/lib/gcc/x86_64-linux-gnu/12/:/usr/lib/gcc/x86_64-linux-gnu/]
  ignore line: [LIBRARY_PATH=/usr/lib/gcc/x86_64-linux-gnu/12/:/usr/lib/gcc/x86_64-linux-gnu/12/../../../x86_64-linux-gnu/:/usr/lib/gcc/x86_64-linux-gnu/12/../../../../lib/:/lib/x86_64-linux-gnu/:/lib/../lib/:/usr/lib/x86_64-linux-gnu/:/usr/lib/../lib/:/usr/lib/gcc/x86_64-linux-gnu/12/../../../:/lib/:/usr/lib/]
  ignore line: [COLLECT_GCC_OPTIONS='-v' '-rdynamic' '-o' 'cmTC_39dce' '-shared-libgcc' '-mtune=generic' '-march=x86-64' '-dumpdir' 'cmTC_39dce.']
  link line: [ /usr/lib/gcc/x86_64-linux-gnu/12/collect2 -plugin /usr/lib/gcc/x86_64-linux-gnu/12/liblto_plugin.so -plugin-opt=/usr/lib/gcc/x86_64-linux-gnu/12/lto-wrapper -plugin-opt=-fresolution=/tmp/ccdlPBNv.res -plugin-opt=-pass-through=-lgcc_s -plugin-opt=-pass-through=-lgcc -plugin-opt=-pass-through=-lc -plugin-opt=-pass-through=-lgcc_s -plugin-opt=-pass-through=-lgcc --build-id --eh-frame-hdr -m elf_x86_64 --hash-style=gnu --as-needed -export-dynamic -dynamic-linker /lib64/ld-linux-x86-64.so.2 -pie -o cmTC_39dce /usr/lib/gcc/x86_64-linux-gnu/12/../../../x86_64-linux-gnu/Scrt1.o /usr/lib/gcc/x86_64-linux-gnu/12/../../../x86_64-linux-gnu/crti.o /usr/lib/gcc/x86_64-linux-gnu/12/crtbeginS.o -L/usr/lib/gcc/x86_64-linux-gnu/12 -L/usr/lib/gcc/x86_64-linux-gnu/12/../../../x86_64-linux-gnu -L/usr/lib/gcc/x86_64-linux-gnu/12/../../../../lib -L/lib/x86_64-linux-gnu -L/lib/../lib -L/usr/lib/x86_64-linux-gnu -L/usr/lib/../lib -L/usr/lib/gcc/x86_64-linux-gnu/12/../../.. CMakeFiles/cmTC_39dce.dir/CMakeCXXCompilerABI.cpp.o -lstdc++ -lm -lgcc_s -lgcc -lc -lgcc_s -lgcc /usr/lib/gcc/x86_64-linux-gnu/12/crtendS.o /usr/lib/gcc/x86_64-linux-gnu/12/../../../x86_64-linux-gnu/crtn.o]
    arg [/usr/lib/gcc/x86_64-linux-gnu/12/collect2] ==> ignore
    arg [-plugin] ==> ignore
    arg [/usr/lib/gcc/x86_64-linux-gnu/12/liblto_plugin.so] ==> ignore
    arg [-plugin-opt=/usr/lib/gcc/x86_64-linux-gnu/12/lto-wrapper] ==> ignore
    arg [-plugin-opt=-fresolution=/tmp/ccdlPBNv.res] ==> ignore
    arg [-plugin-opt=-pass-through=-lgcc_s] ==> ignore
    arg [-plugin-opt=-pass-through=-lgcc] ==> ignore
    arg [-plugin-opt=-pass-through=-lc] ==> ignore
    arg [-plugin-opt=-pass-through=-lgcc_s] ==> ignore
    arg [-plugin-opt=-pass-through=-lgcc] ==> ignore
    arg [--build-id] ==> ignore
    arg [--eh-frame-hdr] ==> ignore
    arg [-m] ==> ignore
    arg [elf_x86_64] ==> ignore
    arg [--hash-style=gnu] ==> ignore
    arg [--as-needed] ==> ignore
    arg [-export-dynamic] ==> ignore
    arg [-dynamic-linker] ==> ignore
    arg [/lib64/ld-linux-x86-64.so.2] ==> ignore
    arg [-pie] ==> ignore
    arg [-o] ==> ignore
    arg [cmTC_39dce] ==> ignore
    arg [/usr/lib/gcc/x86_64-linux-gnu/12/../../../x86_64-linux-gnu/Scrt1.o] ==> obj [/usr/lib/gcc/x86_64-linux-gnu/12/../../../x86_64-linux-gnu/Scrt1.o]
    arg [/usr/lib/gcc/x86_64-linux-gnu/12/../../../x86_64-linux-gnu/crti.o] ==> obj [/usr/lib/gcc/x86_64-linux-gnu/12/../../../x86_64-linux-gnu/crti.o]
    arg [/usr/lib/gcc/x86_64-linux-gnu/12/crtbeginS.o] ==> obj [/usr/lib/gcc/x86_64-linux-gnu/12/crtbeginS.o]
    arg [-L/usr/lib/gcc/x86_64-linux-gnu/12] ==> dir [/usr/lib/gcc/x86_64-linux-gnu/12]
    arg [-L/usr/lib/gcc/x86_64-linux-gnu/12/../../../x86_64-linux-gnu] ==> dir [/usr/lib/gcc/x86_64-linux-gnu/12/../../../x86_64-linux-gnu]
    arg [-L/usr/lib/gcc/x86_64-linux-gnu/12/../../../../lib] ==> dir [/usr/lib/gcc/x86_64-linux-gnu/12/../../../../lib]
    arg [-L/lib/x86_64-linux-gnu] ==> dir [/lib/x86_64-linux-gnu]
    arg [-L/lib/../lib] ==> dir [/lib/../lib]
    arg [-L/usr/lib/x86_64-linux-gnu] ==> dir [/usr/lib/x86_64-linux-gnu]
    arg [-L/usr/lib/../lib] ==> dir [/usr/lib/../lib]
    arg [-L/usr/lib/gcc/x86_64-linux-gnu/12/../../..] ==> dir [/usr/lib/gcc/x86_64-linux-gnu/12/../../..]
    arg [CMakeFiles/cmTC_39dce.dir/CMakeCXXCompilerABI.cpp.o] ==> ignore
    arg [-lstdc++] ==> lib [stdc++]
    arg [-lm] ==> lib [m]
    arg [-lgcc_s] ==> lib [gcc_s]
    arg [-lgcc] ==> lib [gcc]
    arg [-lc] ==> lib [c]
    arg [-lgcc_s] ==> lib [gcc_s]
    arg [-lgcc] ==> lib [gcc]
    arg [/usr/lib/gcc/x86_64-linux-gnu/12/crtendS.o] ==> obj [/usr/lib/gcc/x86_64-linux-gnu/12/crtendS.o]
    arg [/usr/lib/gcc/x86_64-linux-gnu/12/../../../x86_64-linux-gnu/crtn.o] ==> obj [/usr/lib/gcc/x86_64-linux-gnu/12/../../../x86_64-linux-gnu/crtn.o]
  collapse obj [/usr/lib/gcc/x86_64-linux-gnu/12/../../../x86_64-linux-gnu/Scrt1.o] ==> [/usr/lib/x86_64-linux-gnu/Scrt1.o]
  collapse obj [/usr/lib/gcc/x86_64-linux-gnu/12/../../../x86_64-linux-gnu/crti.o] ==> [/usr/lib/x86_64-linux-gnu/crti.o]
  collapse obj [/usr/lib/gcc/x86_64-linux-gnu/12/../../../x86_64-linux-gnu/crtn.o] ==> [/usr/lib/x86_64-linux-gnu/crtn.o]
  collapse library dir [/usr/lib/gcc/x86_64-linux-gnu/12] ==> [/usr/lib/gcc/x86_64-linux-gnu/12]
  collapse library dir [/usr/lib/gcc/x86_64-linux-gnu/12/../../../x86_64-linux-gnu] ==> [/usr/lib/x86_64-linux-gnu]
  collapse library dir [/usr/lib/gcc/x86_64-linux-gnu/12/../../../../lib] ==> [/usr/lib]
  collapse library dir [/lib/x86_64-linux-gnu] ==> [/lib/x86_64-linux-gnu]
  collapse library dir [/lib/../lib] ==> [/lib]
  collapse library dir [/usr/lib/x86_64-linux-gnu] ==> [/usr/lib/x86_64-linux-gnu]
  collapse library dir [/usr/lib/../lib] ==> [/usr/lib]
  collapse library dir [/usr/lib/gcc/x86_64-linux-gnu/12/../../..] ==> [/usr/lib]
  implicit libs: [stdc++;m;gcc_s;gcc;c;gcc_s;gcc]
  implicit objs: [/usr/lib/x86_64-linux-gnu/Scrt1.o;/usr/lib/x86_64-linux-gnu/crti.o;/usr/lib/gcc/x86_64-linux-gnu/12/crtbeginS.o;/usr/lib/gcc/x86_64-linux-gnu/12/crtendS.o;/usr/lib/x86_64-linux-gnu/crtn.o]
  implicit dirs: [/usr/lib/gcc/x86_64-linux-gnu/12;/usr/lib/x86_64-linux-gnu;/usr/lib;/lib/x86_64-linux-gnu;/lib]
  implicit fwks: []


Determining if the include file GL/gl.h exists passed with the following output:
Change Dir: /home/cyberEvangelist/Documents/kivy-test/kivy-deps-build/kivy-dependencies/build/SDL2_image-2.6.3/build/CMakeFiles/CMakeScratch/TryCompile-LkRGZT

Run Build Command(s):/usr/bin/ninja cmTC_022b3 && [1/2] Building C object CMakeFiles/cmTC_022b3.dir/CheckIncludeFile.c.o
[2/2] Linking C executable cmTC_022b3



Performing C SOURCE FILE Test HAVE_BUILTIN_BSWAP16 succeeded with the following output:
Change Dir: /home/cyberEvangelist/Documents/kivy-test/kivy-deps-build/kivy-dependencies/build/SDL2_image-2.6.3/build/CMakeFiles/CMakeScratch/TryCompile-SyGXeJ

Run Build Command(s):/usr/bin/ninja cmTC_a3bbe && [1/2] Building C object CMakeFiles/cmTC_a3bbe.dir/src.c.o
[2/2] Linking C executable cmTC_a3bbe


Source file was:

    int main(void) {
      (void)__builtin_bswap16(0);
      return 0;
    }
  

Performing C SOURCE FILE Test HAVE_BUILTIN_BSWAP32 succeeded with the following output:
Change Dir: /home/cyberEvangelist/Documents/kivy-test/kivy-deps-build/kivy-dependencies/build/SDL2_image-2.6.3/build/CMakeFiles/CMakeScratch/TryCompile-uO8OZ0

Run Build Command(s):/usr/bin/ninja cmTC_0a595 && [1/2] Building C object CMakeFiles/cmTC_0a595.dir/src.c.o
[2/2] Linking C executable cmTC_0a595


Source file was:

    int main(void) {
      (void)__builtin_bswap32(0);
      return 0;
    }
  

Performing C SOURCE FILE Test HAVE_BUILTIN_BSWAP64 succeeded with the following output:
Change Dir: /home/cyberEvangelist/Documents/kivy-test/kivy-deps-build/kivy-dependencies/build/SDL2_image-2.6.3/build/CMakeFiles/CMakeScratch/TryCompile-DQDAgf

Run Build Command(s):/usr/bin/ninja cmTC_518e8 && [1/2] Building C object CMakeFiles/cmTC_518e8.dir/src.c.o
[2/2] Linking C executable cmTC_518e8


Source file was:

    int main(void) {
      (void)__builtin_bswap64(0);
      return 0;
    }
  

Performing C SOURCE FILE Test CMAKE_HAVE_LIBC_PTHREAD succeeded with the following output:
Change Dir: /home/cyberEvangelist/Documents/kivy-test/kivy-deps-build/kivy-dependencies/build/SDL2_image-2.6.3/build/CMakeFiles/CMakeScratch/TryCompile-o88qN7

Run Build Command(s):/usr/bin/ninja cmTC_8c0f6 && [1/2] Building C object CMakeFiles/cmTC_8c0f6.dir/src.c.o
[2/2] Linking C executable cmTC_8c0f6


Source file was:
#include <pthread.h>

static void* test_func(void* data)
{
  return data;
}

int main(void)
{
  pthread_t thread;
  pthread_create(&thread, NULL, test_func, NULL);
  pthread_detach(thread);
  pthread_cancel(thread);
  pthread_join(thread, NULL);
  pthread_atfork(NULL, NULL, NULL);
  pthread_exit(NULL);

  return 0;
}


Performing C SOURCE FILE Test HAVE_PTHREAD_PRIO_INHERIT succeeded with the following output:
Change Dir: /home/cyberEvangelist/Documents/kivy-test/kivy-deps-build/kivy-dependencies/build/SDL2_image-2.6.3/build/CMakeFiles/CMakeScratch/TryCompile-MfEaTQ

Run Build Command(s):/usr/bin/ninja cmTC_71f9b && [1/2] Building C object CMakeFiles/cmTC_71f9b.dir/src.c.o
[2/2] Linking C executable cmTC_71f9b


Source file was:

        #include <pthread.h>
        int main (void) {
          int attr = HAVE_PTHREAD_PRIO_INHERIT;
          return attr;
        }
      

Performing C SOURCE FILE Test PTHREAD_CREATE_UNDETACHED succeeded with the following output:
Change Dir: /home/cyberEvangelist/Documents/kivy-test/kivy-deps-build/kivy-dependencies/build/SDL2_image-2.6.3/build/CMakeFiles/CMakeScratch/TryCompile-xJ8Qjv

Run Build Command(s):/usr/bin/ninja cmTC_e6e29 && [1/2] Building C object CMakeFiles/cmTC_e6e29.dir/src.c.o
[2/2] Linking C executable cmTC_e6e29


Source file was:

        #include <pthread.h>
        int main (void) {
          int attr = PTHREAD_CREATE_UNDETACHED;
          return attr;
        }
      

Determining if files stdlib.h;stdarg.h;string.h;float.h exist passed with the following output:
Change Dir: /home/cyberEvangelist/Documents/kivy-test/kivy-deps-build/kivy-dependencies/build/SDL2_image-2.6.3/build/CMakeFiles/CMakeScratch/TryCompile-J4nBjg

Run Build Command(s):/usr/bin/ninja cmTC_a6522 && [1/2] Building C object CMakeFiles/cmTC_a6522.dir/STDC_HEADERS.c.o
[2/2] Linking C executable cmTC_a6522



Determining if files memory.h exist passed with the following output:
Change Dir: /home/cyberEvangelist/Documents/kivy-test/kivy-deps-build/kivy-dependencies/build/SDL2_image-2.6.3/build/CMakeFiles/CMakeScratch/TryCompile-KVgLei

Run Build Command(s):/usr/bin/ninja cmTC_27085 && [1/2] Building C object CMakeFiles/cmTC_27085.dir/HAVE_MEMORY_H.c.o
[2/2] Linking C executable cmTC_27085



Determining if files stdlib.h exist passed with the following output:
Change Dir: /home/cyberEvangelist/Documents/kivy-test/kivy-deps-build/kivy-dependencies/build/SDL2_image-2.6.3/build/CMakeFiles/CMakeScratch/TryCompile-ecAYBC

Run Build Command(s):/usr/bin/ninja cmTC_48dde && [1/2] Building C object CMakeFiles/cmTC_48dde.dir/HAVE_STDLIB_H.c.o
[2/2] Linking C executable cmTC_48dde



Determining if files sys/stat.h exist passed with the following output:
Change Dir: /home/cyberEvangelist/Documents/kivy-test/kivy-deps-build/kivy-dependencies/build/SDL2_image-2.6.3/build/CMakeFiles/CMakeScratch/TryCompile-LNVl9W

Run Build Command(s):/usr/bin/ninja cmTC_bb131 && [1/2] Building C object CMakeFiles/cmTC_bb131.dir/HAVE_SYS_STAT_H.c.o
[2/2] Linking C executable cmTC_bb131



Performing C SOURCE FILE Test WEBP_HAVE_FLAG_SSE41 succeeded with the following output:
Change Dir: /home/cyberEvangelist/Documents/kivy-test/kivy-deps-build/kivy-dependencies/build/SDL2_image-2.6.3/build/CMakeFiles/CMakeScratch/TryCompile-A1MyS3

Run Build Command(s):/usr/bin/ninja cmTC_d7de8 && [1/2] Building C object CMakeFiles/cmTC_d7de8.dir/src.c.o
[2/2] Linking C executable cmTC_d7de8


Source file was:

      #include "/home/cyberEvangelist/Documents/kivy-test/kivy-deps-build/kivy-dependencies/build/SDL2_image-2.6.3/external/libwebp/cmake/../src/dsp/dsp.h"
      int main(void) {
        #if !defined(WEBP_USE_SSE41)
        this is not valid code
        #endif
        return 0;
      }
    

Performing C SOURCE FILE Test WEBP_HAVE_FLAG_SSE2 succeeded with the following output:
Change Dir: /home/cyberEvangelist/Documents/kivy-test/kivy-deps-build/kivy-dependencies/build/SDL2_image-2.6.3/build/CMakeFiles/CMakeScratch/TryCompile-Tz6BcQ

Run Build Command(s):/usr/bin/ninja cmTC_5671f && [1/2] Building C object CMakeFiles/cmTC_5671f.dir/src.c.o
[2/2] Linking C executable cmTC_5671f


Source file was:

      #include "/home/cyberEvangelist/Documents/kivy-test/kivy-deps-build/kivy-dependencies/build/SDL2_image-2.6.3/external/libwebp/cmake/../src/dsp/dsp.h"
      int main(void) {
        #if !defined(WEBP_USE_SSE2)
        this is not valid code
        #endif
        return 0;
      }
    

