Determining if the function FT_Get_Var_Blend_Coordinates exists failed with the following output:
Change Dir: /home/cyberEvangelist/Documents/kivy-test/kivy-deps-build/kivy-dependencies/build/SDL2_ttf-2.20.2/build-cmake/CMakeFiles/CMakeScratch/TryCompile-DtPeM0

Run Build Command(s):/usr/bin/ninja cmTC_04f7e && [1/2] Building C object CMakeFiles/cmTC_04f7e.dir/CheckFunctionExists.c.o
[2/2] Linking C executable cmTC_04f7e
FAILED: cmTC_04f7e 
: && /usr/bin/cc -DCHECK_FUNCTION_EXISTS=FT_Get_Var_Blend_Coordinates -rdynamic CMakeFiles/cmTC_04f7e.dir/CheckFunctionExists.c.o -o cmTC_04f7e  -lm && :
/usr/bin/ld: CMakeFiles/cmTC_04f7e.dir/CheckFunctionExists.c.o: in function `main':
CheckFunctionExists.c:(.text+0x10): undefined reference to `FT_Get_Var_Blend_Coordinates'
collect2: error: ld returned 1 exit status
ninja: build stopped: subcommand failed.



Determining if the function FT_Set_Var_Blend_Coordinates exists failed with the following output:
Change Dir: /home/cyberEvangelist/Documents/kivy-test/kivy-deps-build/kivy-dependencies/build/SDL2_ttf-2.20.2/build-cmake/CMakeFiles/CMakeScratch/TryCompile-l6iT7c

Run Build Command(s):/usr/bin/ninja cmTC_f9111 && [1/2] Building C object CMakeFiles/cmTC_f9111.dir/CheckFunctionExists.c.o
[2/2] Linking C executable cmTC_f9111
FAILED: cmTC_f9111 
: && /usr/bin/cc -DCHECK_FUNCTION_EXISTS=FT_Set_Var_Blend_Coordinates -rdynamic CMakeFiles/cmTC_f9111.dir/CheckFunctionExists.c.o -o cmTC_f9111  -lm && :
/usr/bin/ld: CMakeFiles/cmTC_f9111.dir/CheckFunctionExists.c.o: in function `main':
CheckFunctionExists.c:(.text+0x10): undefined reference to `FT_Set_Var_Blend_Coordinates'
collect2: error: ld returned 1 exit status
ninja: build stopped: subcommand failed.



Determining if the function FT_Done_MM_Var exists failed with the following output:
Change Dir: /home/cyberEvangelist/Documents/kivy-test/kivy-deps-build/kivy-dependencies/build/SDL2_ttf-2.20.2/build-cmake/CMakeFiles/CMakeScratch/TryCompile-u0qwAQ

Run Build Command(s):/usr/bin/ninja cmTC_7e88b && [1/2] Building C object CMakeFiles/cmTC_7e88b.dir/CheckFunctionExists.c.o
[2/2] Linking C executable cmTC_7e88b
FAILED: cmTC_7e88b 
: && /usr/bin/cc -DCHECK_FUNCTION_EXISTS=FT_Done_MM_Var -rdynamic CMakeFiles/cmTC_7e88b.dir/CheckFunctionExists.c.o -o cmTC_7e88b  -lm && :
/usr/bin/ld: CMakeFiles/cmTC_7e88b.dir/CheckFunctionExists.c.o: in function `main':
CheckFunctionExists.c:(.text+0x10): undefined reference to `FT_Done_MM_Var'
collect2: error: ld returned 1 exit status
ninja: build stopped: subcommand failed.



